#
# There is insufficient memory for the Java Runtime Environment to continue.
# Native memory allocation (malloc) failed to allocate 1348176 bytes. Error detail: Chunk::new
# Possible reasons:
#   The system is out of physical RAM or swap space
#   This process is running with CompressedOops enabled, and the Java Heap may be blocking the growth of the native heap
# Possible solutions:
#   Reduce memory load on the system
#   Increase physical memory or swap space
#   Check if swap backing store is full
#   Decrease Java heap size (-Xmx/-Xms)
#   Decrease number of Java threads
#   Decrease Java thread stack sizes (-Xss)
#   Set larger code cache with -XX:ReservedCodeCacheSize=
#   JVM is running with Unscaled Compressed Oops mode in which the Java heap is
#     placed in the first 4GB address space. The Java Heap base address is the
#     maximum limit for the native heap growth. Please use -XX:HeapBaseMinAddress
#     to set the Java Heap base and to place the Java Heap above 4GB virtual address.
# This output file may be truncated or incomplete.
#
#  Out of Memory Error (arena.cpp:191), pid=23664, tid=15196
#
# JRE version: OpenJDK Runtime Environment Temurin-17.0.11+9 (17.0.11+9) (build 17.0.11+9)
# Java VM: OpenJDK 64-Bit Server VM Temurin-17.0.11+9 (17.0.11+9, mixed mode, tiered, compressed oops, compressed class ptrs, parallel gc, windows-amd64)
# No core dump will be written. Minidumps are not enabled by default on client versions of Windows
#

---------------  S U M M A R Y ------------

Command Line: --add-modules=ALL-SYSTEM --add-opens=java.base/java.util=ALL-UNNAMED --add-opens=java.base/java.lang=ALL-UNNAMED --add-opens=java.base/sun.nio.fs=ALL-UNNAMED -Declipse.application=org.eclipse.jdt.ls.core.id1 -Dosgi.bundles.defaultStartLevel=4 -Declipse.product=org.eclipse.jdt.ls.core.product -Djava.import.generatesMetadataFilesAtProjectRoot=false -DDetectVMInstallationsJob.disabled=true -Dfile.encoding=utf8 -XX:+UseParallelGC -XX:GCTimeRatio=4 -XX:AdaptiveSizePolicyWeight=90 -Dsun.zip.disableMemoryMapping=true -Xmx1G -Xms100m -Xlog:disable -javaagent:c:\Users\Ankit kr Mahto\.vscode\extensions\redhat.java-1.32.0-win32-x64\lombok\lombok-1.18.33.jar -XX:+HeapDumpOnOutOfMemoryError -XX:HeapDumpPath=c:\Users\Ankit kr Mahto\AppData\Roaming\Code\User\workspaceStorage\11d637693f08a0ed6aebab721af46b3d\redhat.java -Daether.dependencyCollector.impl=bf c:\Users\Ankit kr Mahto\.vscode\extensions\redhat.java-1.32.0-win32-x64\server\plugins\org.eclipse.equinox.launcher_1.6.900.v20240613-2009.jar -configuration c:\Users\Ankit kr Mahto\AppData\Roaming\Code\User\globalStorage\redhat.java\1.32.0\config_win -data c:\Users\Ankit kr Mahto\AppData\Roaming\Code\User\workspaceStorage\11d637693f08a0ed6aebab721af46b3d\redhat.java\jdt_ws --pipe=\\.\pipe\lsp-7a95bcdac80676358e3ed736a2985578-sock

Host: Intel(R) Core(TM) i5-10210U CPU @ 1.60GHz, 8 cores, 7G,  Windows 11 , 64 bit Build 22621 (10.0.22621.3672)
Time: Thu Jul 25 13:51:14 2024 India Standard Time elapsed time: 4783.492636 seconds (0d 1h 19m 43s)

---------------  T H R E A D  ---------------

Current thread (0x000001cb18d320f0):  JavaThread "C2 CompilerThread0" daemon [_thread_in_native, id=15196, stack(0x000000331ab00000,0x000000331ac00000)]


Current CompileTask:
C2:4783492 12388   !   4       lombok.core.configuration.FileSystemSourceCache::forUri (180 bytes)

Stack: [0x000000331ab00000,0x000000331ac00000]
Native frames: (J=compiled Java code, j=interpreted, Vv=VM code, C=native code)
V  [jvm.dll+0x67d429]
V  [jvm.dll+0x834b7a]
V  [jvm.dll+0x83663e]
V  [jvm.dll+0x836ca3]
V  [jvm.dll+0x247dbf]
V  [jvm.dll+0xac534]
V  [jvm.dll+0xacb7c]
V  [jvm.dll+0x3665f2]
V  [jvm.dll+0x1bd272]
V  [jvm.dll+0x21a5c9]
V  [jvm.dll+0x2198b1]
V  [jvm.dll+0x1a534d]
V  [jvm.dll+0x2295cd]
V  [jvm.dll+0x22779c]
V  [jvm.dll+0x7e9d07]
V  [jvm.dll+0x7e410a]
V  [jvm.dll+0x67c315]
C  [ucrtbase.dll+0x29333]
C  [KERNEL32.DLL+0x1257d]
C  [ntdll.dll+0x5af28]


---------------  P R O C E S S  ---------------

Threads class SMR info:
_java_thread_list=0x000001cb1e911a20, length=45, elements={
0x000001cb7edafe10, 0x000001cb7f053020, 0x000001cb7f0551a0, 0x000001cb7f05d2d0,
0x000001cb7f05dca0, 0x000001cb18d29020, 0x000001cb18d2a090, 0x000001cb18d320f0,
0x000001cb18d331a0, 0x000001cb18d34290, 0x000001cb7ee10820, 0x000001cb18fa16b0,
0x000001cb1a689010, 0x000001cb1a894a60, 0x000001cb1a6f10e0, 0x000001cb1a9f28d0,
0x000001cb1aa98100, 0x000001cb1a4a5fe0, 0x000001cb1a4a6f10, 0x000001cb1a4a6a00,
0x000001cb1c860830, 0x000001cb1c861c70, 0x000001cb1c860d40, 0x000001cb1c861250,
0x000001cb1c862ba0, 0x000001cb1c865420, 0x000001cb1c865e40, 0x000001cb1c861760,
0x000001cb1c8635c0, 0x000001cb1c862180, 0x000001cb1c866d70, 0x000001cb1c85f900,
0x000001cb1c863fe0, 0x000001cb1c865930, 0x000001cb1a8c2bf0, 0x000001cb1a8c12a0,
0x000001cb1a8c4540, 0x000001cb1a8c17b0, 0x000001cb1a8c4f60, 0x000001cb1a8c5470,
0x000001cb1a8bf950, 0x000001cb1a8be510, 0x000001cb1a8bef30, 0x000001cb1c6383c0,
0x000001cb1c63ae40
}

Java Threads: ( => current thread )
  0x000001cb7edafe10 JavaThread "main" [_thread_blocked, id=19556, stack(0x000000331a200000,0x000000331a300000)]
  0x000001cb7f053020 JavaThread "Reference Handler" daemon [_thread_blocked, id=20204, stack(0x000000331a500000,0x000000331a600000)]
  0x000001cb7f0551a0 JavaThread "Finalizer" daemon [_thread_blocked, id=14212, stack(0x000000331a600000,0x000000331a700000)]
  0x000001cb7f05d2d0 JavaThread "Signal Dispatcher" daemon [_thread_blocked, id=10760, stack(0x000000331a700000,0x000000331a800000)]
  0x000001cb7f05dca0 JavaThread "Attach Listener" daemon [_thread_blocked, id=6732, stack(0x000000331a800000,0x000000331a900000)]
  0x000001cb18d29020 JavaThread "Service Thread" daemon [_thread_blocked, id=4924, stack(0x000000331a900000,0x000000331aa00000)]
  0x000001cb18d2a090 JavaThread "Monitor Deflation Thread" daemon [_thread_blocked, id=25372, stack(0x000000331aa00000,0x000000331ab00000)]
=>0x000001cb18d320f0 JavaThread "C2 CompilerThread0" daemon [_thread_in_native, id=15196, stack(0x000000331ab00000,0x000000331ac00000)]
  0x000001cb18d331a0 JavaThread "C1 CompilerThread0" daemon [_thread_blocked, id=8680, stack(0x000000331ac00000,0x000000331ad00000)]
  0x000001cb18d34290 JavaThread "Sweeper thread" daemon [_thread_blocked, id=10044, stack(0x000000331ad00000,0x000000331ae00000)]
  0x000001cb7ee10820 JavaThread "Common-Cleaner" daemon [_thread_blocked, id=11008, stack(0x000000331ae00000,0x000000331af00000)]
  0x000001cb18fa16b0 JavaThread "Notification Thread" daemon [_thread_blocked, id=12808, stack(0x000000331b000000,0x000000331b100000)]
  0x000001cb1a689010 JavaThread "Active Thread: Equinox Container: 57a8b3ec-6a7a-4e5d-9c34-937ce6c844ef" [_thread_blocked, id=12936, stack(0x000000331b900000,0x000000331ba00000)]
  0x000001cb1a894a60 JavaThread "Framework Event Dispatcher: Equinox Container: 57a8b3ec-6a7a-4e5d-9c34-937ce6c844ef" daemon [_thread_blocked, id=17740, stack(0x000000331af00000,0x000000331b000000)]
  0x000001cb1a6f10e0 JavaThread "Start Level: Equinox Container: 57a8b3ec-6a7a-4e5d-9c34-937ce6c844ef" daemon [_thread_blocked, id=8044, stack(0x000000331b200000,0x000000331b300000)]
  0x000001cb1a9f28d0 JavaThread "Bundle File Closer" daemon [_thread_blocked, id=24332, stack(0x000000331bc00000,0x000000331bd00000)]
  0x000001cb1aa98100 JavaThread "SCR Component Actor" daemon [_thread_blocked, id=21448, stack(0x000000331bb00000,0x000000331bc00000)]
  0x000001cb1a4a5fe0 JavaThread "Worker-JM" [_thread_blocked, id=18952, stack(0x000000331be00000,0x000000331bf00000)]
  0x000001cb1a4a6f10 JavaThread "Java indexing" daemon [_thread_blocked, id=19536, stack(0x000000331c100000,0x000000331c200000)]
  0x000001cb1a4a6a00 JavaThread "Worker-2" [_thread_blocked, id=18580, stack(0x000000331c200000,0x000000331c300000)]
  0x000001cb1c860830 JavaThread "JNA Cleaner" daemon [_thread_blocked, id=22104, stack(0x000000331c300000,0x000000331c400000)]
  0x000001cb1c861c70 JavaThread "Thread-2" daemon [_thread_in_native, id=10172, stack(0x000000331c400000,0x000000331c500000)]
  0x000001cb1c860d40 JavaThread "Thread-3" daemon [_thread_in_native, id=15068, stack(0x000000331c500000,0x000000331c600000)]
  0x000001cb1c861250 JavaThread "Thread-4" daemon [_thread_in_native, id=14472, stack(0x000000331c600000,0x000000331c700000)]
  0x000001cb1c862ba0 JavaThread "Thread-5" daemon [_thread_in_native, id=16556, stack(0x000000331c700000,0x000000331c800000)]
  0x000001cb1c865420 JavaThread "Thread-6" daemon [_thread_in_native, id=16108, stack(0x000000331c800000,0x000000331c900000)]
  0x000001cb1c865e40 JavaThread "Thread-7" daemon [_thread_in_native, id=24080, stack(0x000000331c900000,0x000000331ca00000)]
  0x000001cb1c861760 JavaThread "Thread-8" daemon [_thread_in_native, id=12392, stack(0x000000331ca00000,0x000000331cb00000)]
  0x000001cb1c8635c0 JavaThread "Thread-9" daemon [_thread_in_native, id=24124, stack(0x000000331cb00000,0x000000331cc00000)]
  0x000001cb1c862180 JavaThread "Thread-10" daemon [_thread_in_native, id=9492, stack(0x000000331cc00000,0x000000331cd00000)]
  0x000001cb1c866d70 JavaThread "pool-2-thread-1" [_thread_blocked, id=3244, stack(0x000000331cd00000,0x000000331ce00000)]
  0x000001cb1c85f900 JavaThread "WorkspaceEventsHandler" [_thread_blocked, id=4840, stack(0x000000331ce00000,0x000000331cf00000)]
  0x000001cb1c863fe0 JavaThread "pool-1-thread-1" [_thread_blocked, id=9312, stack(0x000000331cf00000,0x000000331d000000)]
  0x000001cb1c865930 JavaThread "Worker-4" [_thread_blocked, id=6720, stack(0x000000331d000000,0x000000331d100000)]
  0x000001cb1a8c2bf0 JavaThread "Worker-5" [_thread_blocked, id=6848, stack(0x000000331a000000,0x000000331a100000)]
  0x000001cb1a8c12a0 JavaThread "ForkJoinPool.commonPool-worker-5" daemon [_thread_blocked, id=20388, stack(0x0000003319f00000,0x000000331a000000)]
  0x000001cb1a8c4540 JavaThread "ForkJoinPool.commonPool-worker-6" daemon [_thread_blocked, id=17764, stack(0x000000331a100000,0x000000331a200000)]
  0x000001cb1a8c17b0 JavaThread "ForkJoinPool.commonPool-worker-7" daemon [_thread_blocked, id=12500, stack(0x000000331bd00000,0x000000331be00000)]
  0x000001cb1a8c4f60 JavaThread "ForkJoinPool.commonPool-worker-8" daemon [_thread_blocked, id=24660, stack(0x000000331bf00000,0x000000331c000000)]
  0x000001cb1a8c5470 JavaThread "ForkJoinPool.commonPool-worker-9" daemon [_thread_blocked, id=324, stack(0x000000331c000000,0x000000331c100000)]
  0x000001cb1a8bf950 JavaThread "ForkJoinPool.commonPool-worker-10" daemon [_thread_blocked, id=4192, stack(0x000000331d100000,0x000000331d200000)]
  0x000001cb1a8be510 JavaThread "ForkJoinPool.commonPool-worker-11" daemon [_thread_blocked, id=19124, stack(0x000000331d200000,0x000000331d300000)]
  0x000001cb1a8bef30 JavaThread "Cleaner-0" daemon [_thread_blocked, id=14380, stack(0x000000331d800000,0x000000331d900000)]
  0x000001cb1c6383c0 JavaThread "C2 CompilerThread1" daemon [_thread_in_native, id=15724, stack(0x000000331d300000,0x000000331d400000)]
  0x000001cb1c63ae40 JavaThread "C2 CompilerThread2" daemon [_thread_blocked, id=1928, stack(0x000000331d400000,0x000000331d500000)]

Other Threads:
  0x000001cb7ee36500 VMThread "VM Thread" [stack: 0x000000331a400000,0x000000331a500000] [id=11396]
  0x000001cb190950f0 WatcherThread [stack: 0x000000331b100000,0x000000331b200000] [id=16676]
  0x000001cb7edc48f0 GCTaskThread "GC Thread#0" [stack: 0x000000331a300000,0x000000331a400000] [id=13080]
  0x000001cb1a3d1ab0 GCTaskThread "GC Thread#1" [stack: 0x000000331b300000,0x000000331b400000] [id=9220]
  0x000001cb1a3d1d70 GCTaskThread "GC Thread#2" [stack: 0x000000331b400000,0x000000331b500000] [id=10692]
  0x000001cb1a1a52f0 GCTaskThread "GC Thread#3" [stack: 0x000000331b500000,0x000000331b600000] [id=18704]
  0x000001cb1a1a55b0 GCTaskThread "GC Thread#4" [stack: 0x000000331b600000,0x000000331b700000] [id=908]
  0x000001cb1a1a5870 GCTaskThread "GC Thread#5" [stack: 0x000000331b700000,0x000000331b800000] [id=8180]
  0x000001cb1a1a5b30 GCTaskThread "GC Thread#6" [stack: 0x000000331b800000,0x000000331b900000] [id=2596]
  0x000001cb1a891710 GCTaskThread "GC Thread#7" [stack: 0x000000331ba00000,0x000000331bb00000] [id=21400]

Threads with active compile tasks:
C2 CompilerThread0  4783524 12388   !   4       lombok.core.configuration.FileSystemSourceCache::forUri (180 bytes)
C2 CompilerThread1  4783525 12398       4       lombok.core.TypeResolver::typeRefToFullyQualifiedName (487 bytes)

VM state: not at safepoint (normal execution)

VM Mutex/Monitor currently owned by a thread: None

Heap address: 0x00000000c0000000, size: 1024 MB, Compressed Oops mode: 32-bit

CDS archive(s) not mapped
Compressed class space mapped at: 0x0000000100000000-0x0000000140000000, reserved size: 1073741824
Narrow klass base: 0x0000000000000000, Narrow klass shift: 3, Narrow klass range: 0x140000000

GC Precious Log:
 CPUs: 8 total, 8 available
 Memory: 8028M
 Large Page Support: Disabled
 NUMA Support: Disabled
 Compressed Oops: Enabled (32-bit)
 Alignments: Space 512K, Generation 512K, Heap 2M
 Heap Min Capacity: 100M
 Heap Initial Capacity: 100M
 Heap Max Capacity: 1G
 Pre-touch: Disabled
 Parallel Workers: 8

Heap:
 PSYoungGen      total 6144K, used 3319K [0x00000000eab00000, 0x00000000eb900000, 0x0000000100000000)
  eden space 5632K, 49% used [0x00000000eab00000,0x00000000eadbdc60,0x00000000eb080000)
  from space 512K, 100% used [0x00000000eb880000,0x00000000eb900000,0x00000000eb900000)
  to   space 2560K, 0% used [0x00000000eb400000,0x00000000eb400000,0x00000000eb680000)
 ParOldGen       total 122368K, used 96933K [0x00000000c0000000, 0x00000000c7780000, 0x00000000eab00000)
  object space 122368K, 79% used [0x00000000c0000000,0x00000000c5ea9438,0x00000000c7780000)
 Metaspace       used 75575K, committed 76864K, reserved 1179648K
  class space    used 7825K, committed 8384K, reserved 1048576K

Card table byte_map: [0x000001cb7e740000,0x000001cb7e950000] _byte_map_base: 0x000001cb7e140000

Marking Bits: (ParMarkBitMap*) 0x00007fff7414d820
 Begin Bits: [0x000001cb11be0000, 0x000001cb12be0000)
 End Bits:   [0x000001cb12be0000, 0x000001cb13be0000)

Polling page: 0x000001cb7cd20000

Metaspace:

Usage:
  Non-class:     66.16 MB used.
      Class:      7.64 MB used.
       Both:     73.80 MB used.

Virtual space:
  Non-class space:      128.00 MB reserved,      66.88 MB ( 52%) committed,  2 nodes.
      Class space:        1.00 GB reserved,       8.19 MB ( <1%) committed,  1 nodes.
             Both:        1.12 GB reserved,      75.06 MB (  7%) committed. 

Chunk freelists:
   Non-Class:  12.97 MB
       Class:  7.81 MB
        Both:  20.78 MB

MaxMetaspaceSize: unlimited
CompressedClassSpaceSize: 1.00 GB
Initial GC threshold: 21.00 MB
Current GC threshold: 115.88 MB
CDS: off
MetaspaceReclaimPolicy: balanced
 - commit_granule_bytes: 65536.
 - commit_granule_words: 8192.
 - virtual_space_node_default_size: 8388608.
 - enlarge_chunks_in_place: 1.
 - new_chunks_are_fully_committed: 0.
 - uncommit_free_chunks: 1.
 - use_allocation_guard: 0.
 - handle_deallocations: 1.


Internal statistics:

num_allocs_failed_limit: 13.
num_arena_births: 954.
num_arena_deaths: 304.
num_vsnodes_births: 3.
num_vsnodes_deaths: 0.
num_space_committed: 1201.
num_space_uncommitted: 0.
num_chunks_returned_to_freelist: 392.
num_chunks_taken_from_freelist: 4372.
num_chunk_merges: 153.
num_chunk_splits: 2546.
num_chunks_enlarged: 1395.
num_inconsistent_stats: 0.

CodeHeap 'non-profiled nmethods': size=120000Kb used=6609Kb max_used=6609Kb free=113390Kb
 bounds [0x000001cb0a6b0000, 0x000001cb0ad30000, 0x000001cb11be0000]
CodeHeap 'profiled nmethods': size=120000Kb used=23737Kb max_used=23737Kb free=96262Kb
 bounds [0x000001cb02be0000, 0x000001cb04320000, 0x000001cb0a110000]
CodeHeap 'non-nmethods': size=5760Kb used=1418Kb max_used=1477Kb free=4342Kb
 bounds [0x000001cb0a110000, 0x000001cb0a380000, 0x000001cb0a6b0000]
 total_blobs=11215 nmethods=10471 adapters=653
 compilation: enabled
              stopped_count=0, restarted_count=0
 full_count=0

Compilation events (20 events):
Event: 4783.473 Thread 0x000001cb18d331a0 12591       3       org.eclipse.jdt.ls.core.internal.codemanipulation.DefaultJavaElementComparator::isSortPreserved (44 bytes)
Event: 4783.473 Thread 0x000001cb18d331a0 nmethod 12591 0x000001cb0430b410 code [0x000001cb0430b5c0, 0x000001cb0430b7f8]
Event: 4783.473 Thread 0x000001cb18d331a0 12592       3       org.eclipse.jdt.ls.core.internal.codemanipulation.DefaultJavaElementComparator::category (151 bytes)
Event: 4783.474 Thread 0x000001cb18d331a0 nmethod 12592 0x000001cb0430b910 code [0x000001cb0430bb60, 0x000001cb0430c548]
Event: 4783.477 Thread 0x000001cb18d331a0 12593       3       org.eclipse.jdt.core.dom.Modifier::isPublic (10 bytes)
Event: 4783.477 Thread 0x000001cb18d331a0 nmethod 12593 0x000001cb0430c790 code [0x000001cb0430c920, 0x000001cb0430ca78]
Event: 4783.477 Thread 0x000001cb18d331a0 12594       3       org.eclipse.jdt.core.dom.MemberValuePair::accept0 (34 bytes)
Event: 4783.477 Thread 0x000001cb18d331a0 nmethod 12594 0x000001cb0430cb10 code [0x000001cb0430cd20, 0x000001cb0430d218]
Event: 4783.478 Thread 0x000001cb18d331a0 12595   !   3       org.eclipse.jdt.core.dom.MemberValuePair::getName (60 bytes)
Event: 4783.479 Thread 0x000001cb18d331a0 nmethod 12595 0x000001cb0430d410 code [0x000001cb0430d660, 0x000001cb0430e0f8]
Event: 4783.479 Thread 0x000001cb18d331a0 12596   !   3       org.eclipse.jdt.core.dom.MemberValuePair::getValue (60 bytes)
Event: 4783.479 Thread 0x000001cb18d331a0 nmethod 12596 0x000001cb0430e790 code [0x000001cb0430e9e0, 0x000001cb0430f478]
Event: 4783.479 Thread 0x000001cb18d331a0 12600       3       org.eclipse.jdt.core.dom.ASTVisitor::endVisit (1 bytes)
Event: 4783.480 Thread 0x000001cb18d331a0 nmethod 12600 0x000001cb0430fb10 code [0x000001cb0430fca0, 0x000001cb0430fdb8]
Event: 4783.480 Thread 0x000001cb18d331a0 12601       3       org.eclipse.jdt.core.dom.ASTVisitor::endVisit (1 bytes)
Event: 4783.480 Thread 0x000001cb18d331a0 nmethod 12601 0x000001cb0430fe90 code [0x000001cb04310020, 0x000001cb04310138]
Event: 4783.480 Thread 0x000001cb18d331a0 12602   !   3       org.eclipse.jdt.core.dom.FieldDeclaration::getType (59 bytes)
Event: 4783.480 Thread 0x000001cb18d331a0 nmethod 12602 0x000001cb04310210 code [0x000001cb04310480, 0x000001cb04310f48]
Event: 4783.480 Thread 0x000001cb18d331a0 12599       3       org.eclipse.jdt.core.dom.ASTVisitor::endVisit (1 bytes)
Event: 4783.480 Thread 0x000001cb18d331a0 nmethod 12599 0x000001cb04311690 code [0x000001cb04311820, 0x000001cb04311938]

GC Heap History (20 events):
Event: 4775.891 GC heap before
{Heap before GC invocations=90 (full 5):
 PSYoungGen      total 6144K, used 6016K [0x00000000eab00000, 0x00000000ebd00000, 0x0000000100000000)
  eden space 5632K, 97% used [0x00000000eab00000,0x00000000eb061708,0x00000000eb080000)
  from space 512K, 98% used [0x00000000ebc80000,0x00000000ebcfe900,0x00000000ebd00000)
  to   space 1536K, 0% used [0x00000000eba00000,0x00000000eba00000,0x00000000ebb80000)
 ParOldGen       total 122368K, used 88466K [0x00000000c0000000, 0x00000000c7780000, 0x00000000eab00000)
  object space 122368K, 72% used [0x00000000c0000000,0x00000000c5664948,0x00000000c7780000)
 Metaspace       used 74698K, committed 75968K, reserved 1179648K
  class space    used 7779K, committed 8320K, reserved 1048576K
}
Event: 4775.899 GC heap after
{Heap after GC invocations=90 (full 5):
 PSYoungGen      total 7168K, used 1517K [0x00000000eab00000, 0x00000000ebd00000, 0x0000000100000000)
  eden space 5632K, 0% used [0x00000000eab00000,0x00000000eab00000,0x00000000eb080000)
  from space 1536K, 98% used [0x00000000eba00000,0x00000000ebb7b738,0x00000000ebb80000)
  to   space 1536K, 0% used [0x00000000ebb80000,0x00000000ebb80000,0x00000000ebd00000)
 ParOldGen       total 122368K, used 91796K [0x00000000c0000000, 0x00000000c7780000, 0x00000000eab00000)
  object space 122368K, 75% used [0x00000000c0000000,0x00000000c59a5038,0x00000000c7780000)
 Metaspace       used 74698K, committed 75968K, reserved 1179648K
  class space    used 7779K, committed 8320K, reserved 1048576K
}
Event: 4776.043 GC heap before
{Heap before GC invocations=91 (full 5):
 PSYoungGen      total 7168K, used 7149K [0x00000000eab00000, 0x00000000ebd00000, 0x0000000100000000)
  eden space 5632K, 100% used [0x00000000eab00000,0x00000000eb080000,0x00000000eb080000)
  from space 1536K, 98% used [0x00000000eba00000,0x00000000ebb7b738,0x00000000ebb80000)
  to   space 1536K, 0% used [0x00000000ebb80000,0x00000000ebb80000,0x00000000ebd00000)
 ParOldGen       total 122368K, used 91796K [0x00000000c0000000, 0x00000000c7780000, 0x00000000eab00000)
  object space 122368K, 75% used [0x00000000c0000000,0x00000000c59a5038,0x00000000c7780000)
 Metaspace       used 74747K, committed 76032K, reserved 1179648K
  class space    used 7779K, committed 8320K, reserved 1048576K
}
Event: 4776.045 GC heap after
{Heap after GC invocations=91 (full 5):
 PSYoungGen      total 7168K, used 1528K [0x00000000eab00000, 0x00000000ebd00000, 0x0000000100000000)
  eden space 5632K, 0% used [0x00000000eab00000,0x00000000eab00000,0x00000000eb080000)
  from space 1536K, 99% used [0x00000000ebb80000,0x00000000ebcfe160,0x00000000ebd00000)
  to   space 4608K, 0% used [0x00000000eb400000,0x00000000eb400000,0x00000000eb880000)
 ParOldGen       total 122368K, used 94480K [0x00000000c0000000, 0x00000000c7780000, 0x00000000eab00000)
  object space 122368K, 77% used [0x00000000c0000000,0x00000000c5c44000,0x00000000c7780000)
 Metaspace       used 74747K, committed 76032K, reserved 1179648K
  class space    used 7779K, committed 8320K, reserved 1048576K
}
Event: 4776.175 GC heap before
{Heap before GC invocations=92 (full 5):
 PSYoungGen      total 7168K, used 7160K [0x00000000eab00000, 0x00000000ebd00000, 0x0000000100000000)
  eden space 5632K, 100% used [0x00000000eab00000,0x00000000eb080000,0x00000000eb080000)
  from space 1536K, 99% used [0x00000000ebb80000,0x00000000ebcfe160,0x00000000ebd00000)
  to   space 4608K, 0% used [0x00000000eb400000,0x00000000eb400000,0x00000000eb880000)
 ParOldGen       total 122368K, used 94480K [0x00000000c0000000, 0x00000000c7780000, 0x00000000eab00000)
  object space 122368K, 77% used [0x00000000c0000000,0x00000000c5c44000,0x00000000c7780000)
 Metaspace       used 75169K, committed 76416K, reserved 1179648K
  class space    used 7819K, committed 8320K, reserved 1048576K
}
Event: 4776.177 GC heap after
{Heap after GC invocations=92 (full 5):
 PSYoungGen      total 10240K, used 1038K [0x00000000eab00000, 0x00000000ebc00000, 0x0000000100000000)
  eden space 5632K, 0% used [0x00000000eab00000,0x00000000eab00000,0x00000000eb080000)
  from space 4608K, 22% used [0x00000000eb400000,0x00000000eb503b20,0x00000000eb880000)
  to   space 2560K, 0% used [0x00000000eb980000,0x00000000eb980000,0x00000000ebc00000)
 ParOldGen       total 122368K, used 94576K [0x00000000c0000000, 0x00000000c7780000, 0x00000000eab00000)
  object space 122368K, 77% used [0x00000000c0000000,0x00000000c5c5c000,0x00000000c7780000)
 Metaspace       used 75169K, committed 76416K, reserved 1179648K
  class space    used 7819K, committed 8320K, reserved 1048576K
}
Event: 4776.217 GC heap before
{Heap before GC invocations=93 (full 5):
 PSYoungGen      total 10240K, used 6670K [0x00000000eab00000, 0x00000000ebc00000, 0x0000000100000000)
  eden space 5632K, 100% used [0x00000000eab00000,0x00000000eb080000,0x00000000eb080000)
  from space 4608K, 22% used [0x00000000eb400000,0x00000000eb503b20,0x00000000eb880000)
  to   space 2560K, 0% used [0x00000000eb980000,0x00000000eb980000,0x00000000ebc00000)
 ParOldGen       total 122368K, used 94576K [0x00000000c0000000, 0x00000000c7780000, 0x00000000eab00000)
  object space 122368K, 77% used [0x00000000c0000000,0x00000000c5c5c000,0x00000000c7780000)
 Metaspace       used 75214K, committed 76480K, reserved 1179648K
  class space    used 7819K, committed 8320K, reserved 1048576K
}
Event: 4776.221 GC heap after
{Heap after GC invocations=93 (full 5):
 PSYoungGen      total 7680K, used 1726K [0x00000000eab00000, 0x00000000ebb80000, 0x0000000100000000)
  eden space 5632K, 0% used [0x00000000eab00000,0x00000000eab00000,0x00000000eb080000)
  from space 2048K, 84% used [0x00000000eb980000,0x00000000ebb2fb30,0x00000000ebb80000)
  to   space 2048K, 0% used [0x00000000eb780000,0x00000000eb780000,0x00000000eb980000)
 ParOldGen       total 122368K, used 94576K [0x00000000c0000000, 0x00000000c7780000, 0x00000000eab00000)
  object space 122368K, 77% used [0x00000000c0000000,0x00000000c5c5c000,0x00000000c7780000)
 Metaspace       used 75214K, committed 76480K, reserved 1179648K
  class space    used 7819K, committed 8320K, reserved 1048576K
}
Event: 4778.992 GC heap before
{Heap before GC invocations=94 (full 5):
 PSYoungGen      total 7680K, used 7358K [0x00000000eab00000, 0x00000000ebb80000, 0x0000000100000000)
  eden space 5632K, 99% used [0x00000000eab00000,0x00000000eb07fff0,0x00000000eb080000)
  from space 2048K, 84% used [0x00000000eb980000,0x00000000ebb2fb30,0x00000000ebb80000)
  to   space 2048K, 0% used [0x00000000eb780000,0x00000000eb780000,0x00000000eb980000)
 ParOldGen       total 122368K, used 94576K [0x00000000c0000000, 0x00000000c7780000, 0x00000000eab00000)
  object space 122368K, 77% used [0x00000000c0000000,0x00000000c5c5c000,0x00000000c7780000)
 Metaspace       used 75281K, committed 76608K, reserved 1179648K
  class space    used 7821K, committed 8384K, reserved 1048576K
}
Event: 4778.994 GC heap after
{Heap after GC invocations=94 (full 5):
 PSYoungGen      total 7168K, used 1268K [0x00000000eab00000, 0x00000000eba00000, 0x0000000100000000)
  eden space 5632K, 0% used [0x00000000eab00000,0x00000000eab00000,0x00000000eb080000)
  from space 1536K, 82% used [0x00000000eb780000,0x00000000eb8bd220,0x00000000eb900000)
  to   space 1024K, 0% used [0x00000000eb900000,0x00000000eb900000,0x00000000eba00000)
 ParOldGen       total 122368K, used 94576K [0x00000000c0000000, 0x00000000c7780000, 0x00000000eab00000)
  object space 122368K, 77% used [0x00000000c0000000,0x00000000c5c5c000,0x00000000c7780000)
 Metaspace       used 75281K, committed 76608K, reserved 1179648K
  class space    used 7821K, committed 8384K, reserved 1048576K
}
Event: 4780.979 GC heap before
{Heap before GC invocations=95 (full 5):
 PSYoungGen      total 7168K, used 6900K [0x00000000eab00000, 0x00000000eba00000, 0x0000000100000000)
  eden space 5632K, 100% used [0x00000000eab00000,0x00000000eb080000,0x00000000eb080000)
  from space 1536K, 82% used [0x00000000eb780000,0x00000000eb8bd220,0x00000000eb900000)
  to   space 1024K, 0% used [0x00000000eb900000,0x00000000eb900000,0x00000000eba00000)
 ParOldGen       total 122368K, used 94576K [0x00000000c0000000, 0x00000000c7780000, 0x00000000eab00000)
  object space 122368K, 77% used [0x00000000c0000000,0x00000000c5c5c000,0x00000000c7780000)
 Metaspace       used 75312K, committed 76608K, reserved 1179648K
  class space    used 7821K, committed 8384K, reserved 1048576K
}
Event: 4780.982 GC heap after
{Heap after GC invocations=95 (full 5):
 PSYoungGen      total 6656K, used 1006K [0x00000000eab00000, 0x00000000eba00000, 0x0000000100000000)
  eden space 5632K, 0% used [0x00000000eab00000,0x00000000eab00000,0x00000000eb080000)
  from space 1024K, 98% used [0x00000000eb900000,0x00000000eb9fbb10,0x00000000eba00000)
  to   space 1536K, 0% used [0x00000000eb700000,0x00000000eb700000,0x00000000eb880000)
 ParOldGen       total 122368K, used 94592K [0x00000000c0000000, 0x00000000c7780000, 0x00000000eab00000)
  object space 122368K, 77% used [0x00000000c0000000,0x00000000c5c60000,0x00000000c7780000)
 Metaspace       used 75312K, committed 76608K, reserved 1179648K
  class space    used 7821K, committed 8384K, reserved 1048576K
}
Event: 4781.017 GC heap before
{Heap before GC invocations=96 (full 5):
 PSYoungGen      total 6656K, used 6638K [0x00000000eab00000, 0x00000000eba00000, 0x0000000100000000)
  eden space 5632K, 100% used [0x00000000eab00000,0x00000000eb080000,0x00000000eb080000)
  from space 1024K, 98% used [0x00000000eb900000,0x00000000eb9fbb10,0x00000000eba00000)
  to   space 1536K, 0% used [0x00000000eb700000,0x00000000eb700000,0x00000000eb880000)
 ParOldGen       total 122368K, used 94592K [0x00000000c0000000, 0x00000000c7780000, 0x00000000eab00000)
  object space 122368K, 77% used [0x00000000c0000000,0x00000000c5c60000,0x00000000c7780000)
 Metaspace       used 75319K, committed 76608K, reserved 1179648K
  class space    used 7821K, committed 8384K, reserved 1048576K
}
Event: 4781.020 GC heap after
{Heap after GC invocations=96 (full 5):
 PSYoungGen      total 7168K, used 1316K [0x00000000eab00000, 0x00000000eb980000, 0x0000000100000000)
  eden space 5632K, 0% used [0x00000000eab00000,0x00000000eab00000,0x00000000eb080000)
  from space 1536K, 85% used [0x00000000eb700000,0x00000000eb849230,0x00000000eb880000)
  to   space 1024K, 0% used [0x00000000eb880000,0x00000000eb880000,0x00000000eb980000)
 ParOldGen       total 122368K, used 94956K [0x00000000c0000000, 0x00000000c7780000, 0x00000000eab00000)
  object space 122368K, 77% used [0x00000000c0000000,0x00000000c5cbb200,0x00000000c7780000)
 Metaspace       used 75319K, committed 76608K, reserved 1179648K
  class space    used 7821K, committed 8384K, reserved 1048576K
}
Event: 4783.213 GC heap before
{Heap before GC invocations=97 (full 5):
 PSYoungGen      total 7168K, used 6936K [0x00000000eab00000, 0x00000000eb980000, 0x0000000100000000)
  eden space 5632K, 99% used [0x00000000eab00000,0x00000000eb07cdf8,0x00000000eb080000)
  from space 1536K, 85% used [0x00000000eb700000,0x00000000eb849230,0x00000000eb880000)
  to   space 1024K, 0% used [0x00000000eb880000,0x00000000eb880000,0x00000000eb980000)
 ParOldGen       total 122368K, used 94956K [0x00000000c0000000, 0x00000000c7780000, 0x00000000eab00000)
  object space 122368K, 77% used [0x00000000c0000000,0x00000000c5cbb200,0x00000000c7780000)
 Metaspace       used 75414K, committed 76736K, reserved 1179648K
  class space    used 7824K, committed 8384K, reserved 1048576K
}
Event: 4783.214 GC heap after
{Heap after GC invocations=97 (full 5):
 PSYoungGen      total 6656K, used 768K [0x00000000eab00000, 0x00000000eb980000, 0x0000000100000000)
  eden space 5632K, 0% used [0x00000000eab00000,0x00000000eab00000,0x00000000eb080000)
  from space 1024K, 75% used [0x00000000eb880000,0x00000000eb940020,0x00000000eb980000)
  to   space 1024K, 0% used [0x00000000eb780000,0x00000000eb780000,0x00000000eb880000)
 ParOldGen       total 122368K, used 94956K [0x00000000c0000000, 0x00000000c7780000, 0x00000000eab00000)
  object space 122368K, 77% used [0x00000000c0000000,0x00000000c5cbb200,0x00000000c7780000)
 Metaspace       used 75414K, committed 76736K, reserved 1179648K
  class space    used 7824K, committed 8384K, reserved 1048576K
}
Event: 4783.245 GC heap before
{Heap before GC invocations=98 (full 5):
 PSYoungGen      total 6656K, used 6400K [0x00000000eab00000, 0x00000000eb980000, 0x0000000100000000)
  eden space 5632K, 100% used [0x00000000eab00000,0x00000000eb080000,0x00000000eb080000)
  from space 1024K, 75% used [0x00000000eb880000,0x00000000eb940020,0x00000000eb980000)
  to   space 1024K, 0% used [0x00000000eb780000,0x00000000eb780000,0x00000000eb880000)
 ParOldGen       total 122368K, used 94956K [0x00000000c0000000, 0x00000000c7780000, 0x00000000eab00000)
  object space 122368K, 77% used [0x00000000c0000000,0x00000000c5cbb200,0x00000000c7780000)
 Metaspace       used 75432K, committed 76736K, reserved 1179648K
  class space    used 7824K, committed 8384K, reserved 1048576K
}
Event: 4783.247 GC heap after
{Heap after GC invocations=98 (full 5):
 PSYoungGen      total 6656K, used 1012K [0x00000000eab00000, 0x00000000eb900000, 0x0000000100000000)
  eden space 5632K, 0% used [0x00000000eab00000,0x00000000eab00000,0x00000000eb080000)
  from space 1024K, 98% used [0x00000000eb780000,0x00000000eb87d220,0x00000000eb880000)
  to   space 512K, 0% used [0x00000000eb880000,0x00000000eb880000,0x00000000eb900000)
 ParOldGen       total 122368K, used 95292K [0x00000000c0000000, 0x00000000c7780000, 0x00000000eab00000)
  object space 122368K, 77% used [0x00000000c0000000,0x00000000c5d0f260,0x00000000c7780000)
 Metaspace       used 75432K, committed 76736K, reserved 1179648K
  class space    used 7824K, committed 8384K, reserved 1048576K
}
Event: 4783.438 GC heap before
{Heap before GC invocations=99 (full 5):
 PSYoungGen      total 6656K, used 6644K [0x00000000eab00000, 0x00000000eb900000, 0x0000000100000000)
  eden space 5632K, 100% used [0x00000000eab00000,0x00000000eb080000,0x00000000eb080000)
  from space 1024K, 98% used [0x00000000eb780000,0x00000000eb87d220,0x00000000eb880000)
  to   space 512K, 0% used [0x00000000eb880000,0x00000000eb880000,0x00000000eb900000)
 ParOldGen       total 122368K, used 95292K [0x00000000c0000000, 0x00000000c7780000, 0x00000000eab00000)
  object space 122368K, 77% used [0x00000000c0000000,0x00000000c5d0f260,0x00000000c7780000)
 Metaspace       used 75561K, committed 76864K, reserved 1179648K
  class space    used 7825K, committed 8384K, reserved 1048576K
}
Event: 4783.442 GC heap after
{Heap after GC invocations=99 (full 5):
 PSYoungGen      total 6144K, used 512K [0x00000000eab00000, 0x00000000eb900000, 0x0000000100000000)
  eden space 5632K, 0% used [0x00000000eab00000,0x00000000eab00000,0x00000000eb080000)
  from space 512K, 100% used [0x00000000eb880000,0x00000000eb900000,0x00000000eb900000)
  to   space 2560K, 0% used [0x00000000eb400000,0x00000000eb400000,0x00000000eb680000)
 ParOldGen       total 122368K, used 96933K [0x00000000c0000000, 0x00000000c7780000, 0x00000000eab00000)
  object space 122368K, 79% used [0x00000000c0000000,0x00000000c5ea9438,0x00000000c7780000)
 Metaspace       used 75561K, committed 76864K, reserved 1179648K
  class space    used 7825K, committed 8384K, reserved 1048576K
}

Dll operation events (11 events):
Event: 0.028 Loaded shared library c:\Users\Ankit kr Mahto\.vscode\extensions\redhat.java-1.32.0-win32-x64\jre\17.0.11-win32-x86_64\bin\java.dll
Event: 0.169 Loaded shared library c:\Users\Ankit kr Mahto\.vscode\extensions\redhat.java-1.32.0-win32-x64\jre\17.0.11-win32-x86_64\bin\zip.dll
Event: 0.173 Loaded shared library C:\Users\Ankit kr Mahto\.vscode\extensions\redhat.java-1.32.0-win32-x64\jre\17.0.11-win32-x86_64\bin\instrument.dll
Event: 0.186 Loaded shared library C:\Users\Ankit kr Mahto\.vscode\extensions\redhat.java-1.32.0-win32-x64\jre\17.0.11-win32-x86_64\bin\net.dll
Event: 0.188 Loaded shared library C:\Users\Ankit kr Mahto\.vscode\extensions\redhat.java-1.32.0-win32-x64\jre\17.0.11-win32-x86_64\bin\nio.dll
Event: 0.195 Loaded shared library C:\Users\Ankit kr Mahto\.vscode\extensions\redhat.java-1.32.0-win32-x64\jre\17.0.11-win32-x86_64\bin\zip.dll
Event: 0.211 Loaded shared library C:\Users\Ankit kr Mahto\.vscode\extensions\redhat.java-1.32.0-win32-x64\jre\17.0.11-win32-x86_64\bin\jimage.dll
Event: 0.282 Loaded shared library c:\Users\Ankit kr Mahto\.vscode\extensions\redhat.java-1.32.0-win32-x64\jre\17.0.11-win32-x86_64\bin\verify.dll
Event: 6.017 Loaded shared library C:\Users\Ankit kr Mahto\AppData\Roaming\Code\User\globalStorage\redhat.java\1.32.0\config_win\org.eclipse.equinox.launcher\org.eclipse.equinox.launcher.win32.win32.x86_64_1.2.1100.v20240613-2013\eclipse_11903.dll
Event: 24.154 Loaded shared library C:\Users\Ankit kr Mahto\AppData\Local\Temp\jna--1926658675\jna1476310067559145659.dll
Event: 4723.966 Loaded shared library C:\Users\Ankit kr Mahto\.vscode\extensions\redhat.java-1.32.0-win32-x64\jre\17.0.11-win32-x86_64\bin\sunmscapi.dll

Deoptimization events (20 events):
Event: 4775.997 Thread 0x000001cb1a8bf950 DEOPT PACKING pc=0x000001cb0385067c sp=0x000000331d1fd9c0
Event: 4775.997 Thread 0x000001cb1a8bf950 DEOPT UNPACKING pc=0x000001cb0a166e43 sp=0x000000331d1fced8 mode 0
Event: 4776.003 Thread 0x000001cb1a8bf950 DEOPT PACKING pc=0x000001cb0385067c sp=0x000000331d1fd9a0
Event: 4776.003 Thread 0x000001cb1a8bf950 DEOPT UNPACKING pc=0x000001cb0a166e43 sp=0x000000331d1fceb8 mode 0
Event: 4776.163 Thread 0x000001cb1a8bf950 Uncommon trap: trap_request=0xffffff45 fr.pc=0x000001cb0aaa7c90 relative=0x00000000000001f0
Event: 4776.163 Thread 0x000001cb1a8bf950 Uncommon trap: reason=unstable_if action=reinterpret pc=0x000001cb0aaa7c90 method=java.util.regex.Pattern.RemoveQEQuoting()V @ 41 c2
Event: 4776.163 Thread 0x000001cb1a8bf950 DEOPT PACKING pc=0x000001cb0aaa7c90 sp=0x000000331d1fe240
Event: 4776.163 Thread 0x000001cb1a8bf950 DEOPT UNPACKING pc=0x000001cb0a1666a3 sp=0x000000331d1fe1a0 mode 2
Event: 4776.184 Thread 0x000001cb1a8bf950 DEOPT PACKING pc=0x000001cb0385067c sp=0x000000331d1fdc30
Event: 4776.184 Thread 0x000001cb1a8bf950 DEOPT UNPACKING pc=0x000001cb0a166e43 sp=0x000000331d1fd148 mode 0
Event: 4776.189 Thread 0x000001cb1a8bf950 DEOPT PACKING pc=0x000001cb0385067c sp=0x000000331d1fdd40
Event: 4776.189 Thread 0x000001cb1a8bf950 DEOPT UNPACKING pc=0x000001cb0a166e43 sp=0x000000331d1fd258 mode 0
Event: 4776.238 Thread 0x000001cb1a8bf950 DEOPT PACKING pc=0x000001cb03f3e34e sp=0x000000331d1fd550
Event: 4776.238 Thread 0x000001cb1a8bf950 DEOPT UNPACKING pc=0x000001cb0a166e43 sp=0x000000331d1fc9e8 mode 0
Event: 4776.242 Thread 0x000001cb1a8bf950 DEOPT PACKING pc=0x000001cb03f985bb sp=0x000000331d1fe280
Event: 4776.242 Thread 0x000001cb1a8bf950 DEOPT UNPACKING pc=0x000001cb0a166e43 sp=0x000000331d1fd6f8 mode 0
Event: 4780.995 Thread 0x000001cb1a8bf950 DEOPT PACKING pc=0x000001cb03f1ce7d sp=0x000000331d1fd4b0
Event: 4780.995 Thread 0x000001cb1a8bf950 DEOPT UNPACKING pc=0x000001cb0a166e43 sp=0x000000331d1fc968 mode 0
Event: 4783.217 Thread 0x000001cb1a8bf950 DEOPT PACKING pc=0x000001cb0380f192 sp=0x000000331d1fdc60
Event: 4783.217 Thread 0x000001cb1a8bf950 DEOPT UNPACKING pc=0x000001cb0a166e43 sp=0x000000331d1fd1a0 mode 0

Classes unloaded (20 events):
Event: 4725.666 Thread 0x000001cb7ee36500 Unloading class 0x0000000100220800 'jdk/internal/reflect/GeneratedConstructorAccessor4'
Event: 4725.666 Thread 0x000001cb7ee36500 Unloading class 0x000000010021e400 'java/lang/invoke/LambdaForm$MH+0x000000010021e400'
Event: 4725.666 Thread 0x000001cb7ee36500 Unloading class 0x000000010021e000 'java/lang/invoke/LambdaForm$MH+0x000000010021e000'
Event: 4725.666 Thread 0x000001cb7ee36500 Unloading class 0x000000010021dc00 'java/lang/invoke/LambdaForm$MH+0x000000010021dc00'
Event: 4725.666 Thread 0x000001cb7ee36500 Unloading class 0x000000010021cc00 'java/lang/invoke/LambdaForm$MH+0x000000010021cc00'
Event: 4725.666 Thread 0x000001cb7ee36500 Unloading class 0x000000010021c800 'java/lang/invoke/LambdaForm$MH+0x000000010021c800'
Event: 4725.666 Thread 0x000001cb7ee36500 Unloading class 0x000000010021c000 'java/lang/invoke/LambdaForm$MH+0x000000010021c000'
Event: 4725.667 Thread 0x000001cb7ee36500 Unloading class 0x00000001001b1c00 'java/lang/invoke/LambdaForm$MH+0x00000001001b1c00'
Event: 4725.667 Thread 0x000001cb7ee36500 Unloading class 0x00000001001b1800 'java/lang/invoke/LambdaForm$MH+0x00000001001b1800'
Event: 4725.667 Thread 0x000001cb7ee36500 Unloading class 0x00000001001b1400 'java/lang/invoke/LambdaForm$MH+0x00000001001b1400'
Event: 4725.667 Thread 0x000001cb7ee36500 Unloading class 0x00000001001b1000 'java/lang/invoke/LambdaForm$MH+0x00000001001b1000'
Event: 4725.667 Thread 0x000001cb7ee36500 Unloading class 0x00000001001b0c00 'java/lang/invoke/LambdaForm$MH+0x00000001001b0c00'
Event: 4725.667 Thread 0x000001cb7ee36500 Unloading class 0x00000001001b0800 'java/lang/invoke/LambdaForm$MH+0x00000001001b0800'
Event: 4725.667 Thread 0x000001cb7ee36500 Unloading class 0x00000001001b0400 'java/lang/invoke/LambdaForm$MH+0x00000001001b0400'
Event: 4725.667 Thread 0x000001cb7ee36500 Unloading class 0x00000001001b0000 'java/lang/invoke/LambdaForm$MH+0x00000001001b0000'
Event: 4725.667 Thread 0x000001cb7ee36500 Unloading class 0x0000000100129000 'jdk/internal/reflect/GeneratedMethodAccessor5'
Event: 4725.667 Thread 0x000001cb7ee36500 Unloading class 0x0000000100128c00 'jdk/internal/reflect/GeneratedMethodAccessor4'
Event: 4725.667 Thread 0x000001cb7ee36500 Unloading class 0x0000000100128800 'jdk/internal/reflect/GeneratedMethodAccessor3'
Event: 4726.344 Thread 0x000001cb7ee36500 Unloading class 0x0000000100128400 'jdk/internal/reflect/GeneratedMethodAccessor2'
Event: 4726.344 Thread 0x000001cb7ee36500 Unloading class 0x0000000100128000 'jdk/internal/reflect/GeneratedMethodAccessor1'

Classes redefined (0 events):
No events

Internal exceptions (20 events):
Event: 43.850 Thread 0x000001cb1c8630b0 Exception <a 'sun/nio/fs/WindowsException'{0x00000000eb8fe7d0}> (0x00000000eb8fe7d0) 
thrown [s\src\hotspot\share\prims\jni.cpp, line 516]
Event: 43.850 Thread 0x000001cb1c8630b0 Exception <a 'sun/nio/fs/WindowsException'{0x00000000eb8ff0c0}> (0x00000000eb8ff0c0) 
thrown [s\src\hotspot\share\prims\jni.cpp, line 516]
Event: 43.890 Thread 0x000001cb1c8630b0 Exception <a 'java/lang/NoSuchMethodError'{0x00000000ebb5a018}: 'void java.lang.invoke.DirectMethodHandle$Holder.invokeSpecial(java.lang.Object, java.lang.Object, java.lang.Object, java.lang.Object, java.lang.Object)'> (0x00000000ebb5a018) 
thrown [s\src\hotspot\share\interpreter\linkResolver.cpp, line 759]
Event: 47.869 Thread 0x000001cb1c8630b0 Implicit null exception at 0x000001cb0aa7c2b3 to 0x000001cb0aa7d508
Event: 47.877 Thread 0x000001cb1c864f10 Exception <a 'java/lang/IncompatibleClassChangeError'{0x00000000eb3c94a0}: Found class java.lang.Object, but interface was expected> (0x00000000eb3c94a0) 
thrown [s\src\hotspot\share\interpreter\linkResolver.cpp, line 826]
Event: 48.987 Thread 0x000001cb1c864f10 Exception <a 'java/lang/NoSuchMethodError'{0x00000000ebb1aef8}: 'int java.lang.invoke.DirectMethodHandle$Holder.invokeSpecialIFC(java.lang.Object, java.lang.Object, java.lang.Object)'> (0x00000000ebb1aef8) 
thrown [s\src\hotspot\share\interpreter\linkResolver.cpp, line 759]
Event: 49.085 Thread 0x000001cb1c864a00 Exception <a 'java/lang/NoSuchMethodError'{0x00000000ebe689e8}: 'int java.lang.invoke.DirectMethodHandle$Holder.invokeStatic(java.lang.Object, int, java.lang.Object)'> (0x00000000ebe689e8) 
thrown [s\src\hotspot\share\interpreter\linkResolver.cpp, line 759]
Event: 63.193 Thread 0x000001cb1a4a6a00 Exception <a 'sun/nio/fs/WindowsException'{0x00000000eae93660}> (0x00000000eae93660) 
thrown [s\src\hotspot\share\prims\jni.cpp, line 516]
Event: 63.194 Thread 0x000001cb1a4a6a00 Exception <a 'sun/nio/fs/WindowsException'{0x00000000eae93f18}> (0x00000000eae93f18) 
thrown [s\src\hotspot\share\prims\jni.cpp, line 516]
Event: 4722.988 Thread 0x000001cb1c863fe0 Exception <a 'java/io/FileNotFoundException'{0x00000000eb32f960}> (0x00000000eb32f960) 
thrown [s\src\hotspot\share\prims\jni.cpp, line 516]
Event: 4722.991 Thread 0x000001cb1c863fe0 Exception <a 'java/io/FileNotFoundException'{0x00000000eb3309b8}> (0x00000000eb3309b8) 
thrown [s\src\hotspot\share\prims\jni.cpp, line 516]
Event: 4723.765 Thread 0x000001cb1a4a6a00 Exception <a 'java/lang/NoSuchMethodError'{0x00000000ebe779a0}: 'java.lang.Object java.lang.invoke.DirectMethodHandle$Holder.invokeSpecial(java.lang.Object, java.lang.Object, int, long)'> (0x00000000ebe779a0) 
thrown [s\src\hotspot\share\interpreter\linkResolver.cpp, line 759]
Event: 4723.968 Thread 0x000001cb1a8c4540 Exception <a 'java/lang/ArrayIndexOutOfBoundsException'{0x00000000ead2e068}> (0x00000000ead2e068) 
thrown [s\src\hotspot\share\runtime\sharedRuntime.cpp, line 631]
Event: 4724.698 Thread 0x000001cb1a8c3100 Exception <a 'sun/nio/fs/WindowsException'{0x00000000eb643570}> (0x00000000eb643570) 
thrown [s\src\hotspot\share\prims\jni.cpp, line 516]
Event: 4724.853 Thread 0x000001cb1c865930 Exception <a 'java/lang/NoSuchMethodError'{0x00000000eae0d9f0}: 'int java.lang.invoke.DirectMethodHandle$Holder.invokeStatic(java.lang.Object, java.lang.Object, java.lang.Object, int)'> (0x00000000eae0d9f0) 
thrown [s\src\hotspot\share\interpreter\linkResolver.cpp, line 759]
Event: 4726.012 Thread 0x000001cb1c865930 Implicit null exception at 0x000001cb0a75f36d to 0x000001cb0a75f568
Event: 4726.634 Thread 0x000001cb1c865930 Exception <a 'java/io/FileNotFoundException'{0x00000000eaf8f560}> (0x00000000eaf8f560) 
thrown [s\src\hotspot\share\prims\jni.cpp, line 516]
Event: 4726.635 Thread 0x000001cb1c865930 Exception <a 'java/io/FileNotFoundException'{0x00000000eaf90680}> (0x00000000eaf90680) 
thrown [s\src\hotspot\share\prims\jni.cpp, line 516]
Event: 4726.635 Thread 0x000001cb1c865930 Exception <a 'java/io/FileNotFoundException'{0x00000000eb063b20}> (0x00000000eb063b20) 
thrown [s\src\hotspot\share\prims\jni.cpp, line 516]
Event: 4775.784 Thread 0x000001cb1a8bf950 Implicit null exception at 0x000001cb0a8eaaa0 to 0x000001cb0a8eabf4

VM Operations (20 events):
Event: 4778.238 Executing VM operation: Cleanup
Event: 4778.238 Executing VM operation: Cleanup done
Event: 4778.992 Executing VM operation: ParallelGCFailedAllocation
Event: 4778.994 Executing VM operation: ParallelGCFailedAllocation done
Event: 4780.000 Executing VM operation: Cleanup
Event: 4780.000 Executing VM operation: Cleanup done
Event: 4780.979 Executing VM operation: ParallelGCFailedAllocation
Event: 4780.982 Executing VM operation: ParallelGCFailedAllocation done
Event: 4781.017 Executing VM operation: ParallelGCFailedAllocation
Event: 4781.020 Executing VM operation: ParallelGCFailedAllocation done
Event: 4782.031 Executing VM operation: Cleanup
Event: 4782.031 Executing VM operation: Cleanup done
Event: 4783.033 Executing VM operation: Cleanup
Event: 4783.033 Executing VM operation: Cleanup done
Event: 4783.213 Executing VM operation: ParallelGCFailedAllocation
Event: 4783.215 Executing VM operation: ParallelGCFailedAllocation done
Event: 4783.245 Executing VM operation: ParallelGCFailedAllocation
Event: 4783.247 Executing VM operation: ParallelGCFailedAllocation done
Event: 4783.438 Executing VM operation: ParallelGCFailedAllocation
Event: 4783.442 Executing VM operation: ParallelGCFailedAllocation done

Events (20 events):
Event: 4734.425 Thread 0x000001cb1c63ae40 Thread exited: 0x000001cb1c63ae40
Event: 4742.758 Thread 0x000001cb1c63a8f0 Thread added: 0x000001cb1c63a8f0
Event: 4743.336 Thread 0x000001cb1c63a8f0 Thread exited: 0x000001cb1c63a8f0
Event: 4775.789 Thread 0x000001cb1c63b8e0 Thread added: 0x000001cb1c63b8e0
Event: 4775.789 Thread 0x000001cb1c6383c0 Thread added: 0x000001cb1c6383c0
Event: 4776.084 Thread 0x000001cb18d34290 flushing nmethod 0x000001cb02c5a010
Event: 4776.085 Thread 0x000001cb18d34290 flushing nmethod 0x000001cb02d9a110
Event: 4776.090 Thread 0x000001cb18d34290 flushing nmethod 0x000001cb0333bf90
Event: 4776.101 Thread 0x000001cb18d34290 flushing nmethod 0x000001cb03ebdb90
Event: 4776.101 Thread 0x000001cb18d34290 flushing nmethod 0x000001cb03f34e10
Event: 4777.630 Thread 0x000001cb1c6383c0 Thread exited: 0x000001cb1c6383c0
Event: 4777.630 Thread 0x000001cb1c63b8e0 Thread exited: 0x000001cb1c63b8e0
Event: 4778.995 Thread 0x000001cb1c63a8f0 Thread added: 0x000001cb1c63a8f0
Event: 4779.010 Thread 0x000001cb1c63ae40 Thread added: 0x000001cb1c63ae40
Event: 4779.165 Thread 0x000001cb1c63ae40 Thread exited: 0x000001cb1c63ae40
Event: 4779.165 Thread 0x000001cb1c63a8f0 Thread exited: 0x000001cb1c63a8f0
Event: 4780.993 Thread 0x000001cb1c63a8f0 Thread added: 0x000001cb1c63a8f0
Event: 4783.173 Thread 0x000001cb1c63a8f0 Thread exited: 0x000001cb1c63a8f0
Event: 4783.184 Thread 0x000001cb1c6383c0 Thread added: 0x000001cb1c6383c0
Event: 4783.267 Thread 0x000001cb1c63ae40 Thread added: 0x000001cb1c63ae40


Dynamic libraries:
0x00007ff75f110000 - 0x00007ff75f11e000 	c:\Users\Ankit kr Mahto\.vscode\extensions\redhat.java-1.32.0-win32-x64\jre\17.0.11-win32-x86_64\bin\java.exe
0x00007fffdba70000 - 0x00007fffdbc87000 	C:\WINDOWS\SYSTEM32\ntdll.dll
0x00007fffda0d0000 - 0x00007fffda194000 	C:\WINDOWS\System32\KERNEL32.DLL
0x00007fffd90d0000 - 0x00007fffd947d000 	C:\WINDOWS\System32\KERNELBASE.dll
0x00007fffd9480000 - 0x00007fffd9591000 	C:\WINDOWS\System32\ucrtbase.dll
0x00007fffc12f0000 - 0x00007fffc130b000 	c:\Users\Ankit kr Mahto\.vscode\extensions\redhat.java-1.32.0-win32-x64\jre\17.0.11-win32-x86_64\bin\VCRUNTIME140.dll
0x00007fffc0af0000 - 0x00007fffc0b07000 	c:\Users\Ankit kr Mahto\.vscode\extensions\redhat.java-1.32.0-win32-x64\jre\17.0.11-win32-x86_64\bin\jli.dll
0x00007fffda960000 - 0x00007fffdab0e000 	C:\WINDOWS\System32\USER32.dll
0x00007fffbd9a0000 - 0x00007fffbdc33000 	C:\WINDOWS\WinSxS\amd64_microsoft.windows.common-controls_6595b64144ccf1df_6.0.22621.3672_none_2713b9d173822955\COMCTL32.dll
0x00007fffd9780000 - 0x00007fffd97a6000 	C:\WINDOWS\System32\win32u.dll
0x00007fffd9d30000 - 0x00007fffd9dd7000 	C:\WINDOWS\System32\msvcrt.dll
0x00007fffd9e30000 - 0x00007fffd9e59000 	C:\WINDOWS\System32\GDI32.dll
0x00007fffd9660000 - 0x00007fffd9779000 	C:\WINDOWS\System32\gdi32full.dll
0x00007fffd8da0000 - 0x00007fffd8e3a000 	C:\WINDOWS\System32\msvcp_win.dll
0x00007fffda770000 - 0x00007fffda7a1000 	C:\WINDOWS\System32\IMM32.DLL
0x00007fffcadf0000 - 0x00007fffcadfc000 	c:\Users\Ankit kr Mahto\.vscode\extensions\redhat.java-1.32.0-win32-x64\jre\17.0.11-win32-x86_64\bin\vcruntime140_1.dll
0x00007fffa9f40000 - 0x00007fffa9fcd000 	c:\Users\Ankit kr Mahto\.vscode\extensions\redhat.java-1.32.0-win32-x64\jre\17.0.11-win32-x86_64\bin\msvcp140.dll
0x00007fff735b0000 - 0x00007fff74212000 	c:\Users\Ankit kr Mahto\.vscode\extensions\redhat.java-1.32.0-win32-x64\jre\17.0.11-win32-x86_64\bin\server\jvm.dll
0x00007fffda200000 - 0x00007fffda2b2000 	C:\WINDOWS\System32\ADVAPI32.dll
0x00007fffd98b0000 - 0x00007fffd9959000 	C:\WINDOWS\System32\sechost.dll
0x00007fffd9020000 - 0x00007fffd9048000 	C:\WINDOWS\System32\bcrypt.dll
0x00007fffda650000 - 0x00007fffda764000 	C:\WINDOWS\System32\RPCRT4.dll
0x00007fffd7f80000 - 0x00007fffd7fcd000 	C:\WINDOWS\SYSTEM32\POWRPROF.dll
0x00007fffb7990000 - 0x00007fffb7999000 	C:\WINDOWS\SYSTEM32\WSOCK32.dll
0x00007fffd9960000 - 0x00007fffd99d1000 	C:\WINDOWS\System32\WS2_32.dll
0x00007fffcd8c0000 - 0x00007fffcd8ca000 	C:\WINDOWS\SYSTEM32\VERSION.dll
0x00007fffd01f0000 - 0x00007fffd0224000 	C:\WINDOWS\SYSTEM32\WINMM.dll
0x00007fffd7f60000 - 0x00007fffd7f73000 	C:\WINDOWS\SYSTEM32\UMPDC.dll
0x00007fffd7e00000 - 0x00007fffd7e18000 	C:\WINDOWS\SYSTEM32\kernel.appcore.dll
0x00007fffcad20000 - 0x00007fffcad2a000 	c:\Users\Ankit kr Mahto\.vscode\extensions\redhat.java-1.32.0-win32-x64\jre\17.0.11-win32-x86_64\bin\jimage.dll
0x00007fffd6400000 - 0x00007fffd6632000 	C:\WINDOWS\SYSTEM32\DBGHELP.DLL
0x00007fffda2c0000 - 0x00007fffda648000 	C:\WINDOWS\System32\combase.dll
0x00007fffd97b0000 - 0x00007fffd9887000 	C:\WINDOWS\System32\OLEAUT32.dll
0x00007fffcce60000 - 0x00007fffcce92000 	C:\WINDOWS\SYSTEM32\dbgcore.DLL
0x00007fffd9050000 - 0x00007fffd90cb000 	C:\WINDOWS\System32\bcryptPrimitives.dll
0x00007fffcace0000 - 0x00007fffcacee000 	c:\Users\Ankit kr Mahto\.vscode\extensions\redhat.java-1.32.0-win32-x64\jre\17.0.11-win32-x86_64\bin\instrument.dll
0x00007fffbdf20000 - 0x00007fffbdf45000 	c:\Users\Ankit kr Mahto\.vscode\extensions\redhat.java-1.32.0-win32-x64\jre\17.0.11-win32-x86_64\bin\java.dll
0x00007fffbb1f0000 - 0x00007fffbb208000 	c:\Users\Ankit kr Mahto\.vscode\extensions\redhat.java-1.32.0-win32-x64\jre\17.0.11-win32-x86_64\bin\zip.dll
0x00007fffdb0d0000 - 0x00007fffdb92f000 	C:\WINDOWS\System32\SHELL32.dll
0x00007fffd6ca0000 - 0x00007fffd759c000 	C:\WINDOWS\SYSTEM32\windows.storage.dll
0x00007fffd6b60000 - 0x00007fffd6c9f000 	C:\WINDOWS\SYSTEM32\wintypes.dll
0x00007fffd9a70000 - 0x00007fffd9b64000 	C:\WINDOWS\System32\SHCORE.dll
0x00007fffda040000 - 0x00007fffda09e000 	C:\WINDOWS\System32\shlwapi.dll
0x00007fffd8cd0000 - 0x00007fffd8cf1000 	C:\WINDOWS\SYSTEM32\profapi.dll
0x00007fffbb140000 - 0x00007fffbb159000 	C:\Users\Ankit kr Mahto\.vscode\extensions\redhat.java-1.32.0-win32-x64\jre\17.0.11-win32-x86_64\bin\net.dll
0x00007fffd4400000 - 0x00007fffd4536000 	C:\WINDOWS\SYSTEM32\WINHTTP.dll
0x00007fffd82f0000 - 0x00007fffd8359000 	C:\WINDOWS\system32\mswsock.dll
0x00007fffbb020000 - 0x00007fffbb036000 	C:\Users\Ankit kr Mahto\.vscode\extensions\redhat.java-1.32.0-win32-x64\jre\17.0.11-win32-x86_64\bin\nio.dll
0x00007fffcac40000 - 0x00007fffcac50000 	c:\Users\Ankit kr Mahto\.vscode\extensions\redhat.java-1.32.0-win32-x64\jre\17.0.11-win32-x86_64\bin\verify.dll
0x00007fffaf8e0000 - 0x00007fffaf924000 	C:\Users\Ankit kr Mahto\AppData\Roaming\Code\User\globalStorage\redhat.java\1.32.0\config_win\org.eclipse.equinox.launcher\org.eclipse.equinox.launcher.win32.win32.x86_64_1.2.1100.v20240613-2013\eclipse_11903.dll
0x00007fffda7b0000 - 0x00007fffda955000 	C:\WINDOWS\System32\ole32.dll
0x00007fffd8520000 - 0x00007fffd853b000 	C:\WINDOWS\SYSTEM32\CRYPTSP.dll
0x00007fffd7d60000 - 0x00007fffd7d95000 	C:\WINDOWS\system32\rsaenh.dll
0x00007fffd83b0000 - 0x00007fffd83d8000 	C:\WINDOWS\SYSTEM32\USERENV.dll
0x00007fffd8540000 - 0x00007fffd854c000 	C:\WINDOWS\SYSTEM32\CRYPTBASE.dll
0x00007fffd7800000 - 0x00007fffd782d000 	C:\WINDOWS\SYSTEM32\IPHLPAPI.DLL
0x00007fffda0a0000 - 0x00007fffda0a9000 	C:\WINDOWS\System32\NSI.dll
0x00007fffd1210000 - 0x00007fffd1229000 	C:\WINDOWS\SYSTEM32\dhcpcsvc6.DLL
0x00007fffd0d70000 - 0x00007fffd0d8f000 	C:\WINDOWS\SYSTEM32\dhcpcsvc.DLL
0x00007fffd7830000 - 0x00007fffd7928000 	C:\WINDOWS\SYSTEM32\DNSAPI.dll
0x00007fffa93b0000 - 0x00007fffa93f5000 	C:\Users\Ankit kr Mahto\AppData\Local\Temp\jna--1926658675\jna1476310067559145659.dll
0x00007fffda0b0000 - 0x00007fffda0b8000 	C:\WINDOWS\System32\PSAPI.DLL
0x00007fffc15c0000 - 0x00007fffc15ce000 	C:\Users\Ankit kr Mahto\.vscode\extensions\redhat.java-1.32.0-win32-x64\jre\17.0.11-win32-x86_64\bin\sunmscapi.dll
0x00007fffd8e40000 - 0x00007fffd8fa7000 	C:\WINDOWS\System32\CRYPT32.dll
0x00007fffd8750000 - 0x00007fffd877e000 	C:\WINDOWS\SYSTEM32\ncrypt.dll
0x00007fffd8710000 - 0x00007fffd8747000 	C:\WINDOWS\SYSTEM32\NTASN1.dll

dbghelp: loaded successfully - version: 4.0.5 - missing functions: none
symbol engine: initialized successfully - sym options: 0x614 - pdb path: .;c:\Users\Ankit kr Mahto\.vscode\extensions\redhat.java-1.32.0-win32-x64\jre\17.0.11-win32-x86_64\bin;C:\WINDOWS\SYSTEM32;C:\WINDOWS\WinSxS\amd64_microsoft.windows.common-controls_6595b64144ccf1df_6.0.22621.3672_none_2713b9d173822955;c:\Users\Ankit kr Mahto\.vscode\extensions\redhat.java-1.32.0-win32-x64\jre\17.0.11-win32-x86_64\bin\server;C:\Users\Ankit kr Mahto\AppData\Roaming\Code\User\globalStorage\redhat.java\1.32.0\config_win\org.eclipse.equinox.launcher\org.eclipse.equinox.launcher.win32.win32.x86_64_1.2.1100.v20240613-2013;C:\Users\Ankit kr Mahto\AppData\Local\Temp\jna--1926658675

VM Arguments:
jvm_args: --add-modules=ALL-SYSTEM --add-opens=java.base/java.util=ALL-UNNAMED --add-opens=java.base/java.lang=ALL-UNNAMED --add-opens=java.base/sun.nio.fs=ALL-UNNAMED -Declipse.application=org.eclipse.jdt.ls.core.id1 -Dosgi.bundles.defaultStartLevel=4 -Declipse.product=org.eclipse.jdt.ls.core.product -Djava.import.generatesMetadataFilesAtProjectRoot=false -DDetectVMInstallationsJob.disabled=true -Dfile.encoding=utf8 -XX:+UseParallelGC -XX:GCTimeRatio=4 -XX:AdaptiveSizePolicyWeight=90 -Dsun.zip.disableMemoryMapping=true -Xmx1G -Xms100m -Xlog:disable -javaagent:c:\Users\Ankit kr Mahto\.vscode\extensions\redhat.java-1.32.0-win32-x64\lombok\lombok-1.18.33.jar -XX:+HeapDumpOnOutOfMemoryError -XX:HeapDumpPath=c:\Users\Ankit kr Mahto\AppData\Roaming\Code\User\workspaceStorage\11d637693f08a0ed6aebab721af46b3d\redhat.java -Daether.dependencyCollector.impl=bf 
java_command: c:\Users\Ankit kr Mahto\.vscode\extensions\redhat.java-1.32.0-win32-x64\server\plugins\org.eclipse.equinox.launcher_1.6.900.v20240613-2009.jar -configuration c:\Users\Ankit kr Mahto\AppData\Roaming\Code\User\globalStorage\redhat.java\1.32.0\config_win -data c:\Users\Ankit kr Mahto\AppData\Roaming\Code\User\workspaceStorage\11d637693f08a0ed6aebab721af46b3d\redhat.java\jdt_ws --pipe=\\.\pipe\lsp-7a95bcdac80676358e3ed736a2985578-sock
java_class_path (initial): c:\Users\Ankit kr Mahto\.vscode\extensions\redhat.java-1.32.0-win32-x64\server\plugins\org.eclipse.equinox.launcher_1.6.900.v20240613-2009.jar
Launcher Type: SUN_STANDARD

[Global flags]
    uintx AdaptiveSizePolicyWeight                 = 90                                        {product} {command line}
     intx CICompilerCount                          = 4                                         {product} {ergonomic}
    uintx GCTimeRatio                              = 4                                         {product} {command line}
     bool HeapDumpOnOutOfMemoryError               = true                                   {manageable} {command line}
    ccstr HeapDumpPath                             = c:\Users\Ankit kr Mahto\AppData\Roaming\Code\User\workspaceStorage\11d637693f08a0ed6aebab721af46b3d\redhat.java         {manageable} {command line}
   size_t InitialHeapSize                          = 104857600                                 {product} {command line}
   size_t MaxHeapSize                              = 1073741824                                {product} {command line}
   size_t MaxNewSize                               = 357564416                                 {product} {ergonomic}
   size_t MinHeapDeltaBytes                        = 524288                                    {product} {ergonomic}
   size_t MinHeapSize                              = 104857600                                 {product} {command line}
   size_t NewSize                                  = 34603008                                  {product} {ergonomic}
    uintx NonNMethodCodeHeapSize                   = 5839372                                {pd product} {ergonomic}
    uintx NonProfiledCodeHeapSize                  = 122909434                              {pd product} {ergonomic}
   size_t OldSize                                  = 70254592                                  {product} {ergonomic}
    uintx ProfiledCodeHeapSize                     = 122909434                              {pd product} {ergonomic}
    uintx ReservedCodeCacheSize                    = 251658240                              {pd product} {ergonomic}
     bool SegmentedCodeCache                       = true                                      {product} {ergonomic}
   size_t SoftMaxHeapSize                          = 1073741824                             {manageable} {ergonomic}
     bool UseCompressedClassPointers               = true                           {product lp64_product} {ergonomic}
     bool UseCompressedOops                        = true                           {product lp64_product} {ergonomic}
     bool UseLargePagesIndividualAllocation        = false                                  {pd product} {ergonomic}
     bool UseParallelGC                            = true                                      {product} {command line}

Logging:
Log output configuration:
 #0: stdout all=off uptime,level,tags
 #1: stderr all=off uptime,level,tags

Environment Variables:
PATH=C:\Program Files\Common Files\Oracle\Java\javapath;C:\Windows\system32;C:\Windows;C:\Windows\System32\Wbem;C:\Windows\System32\WindowsPowerShell\v1.0\;C:\Windows\System32\OpenSSH\;C:\Program Files (x86)\NVIDIA Corporation\PhysX\Common;C:\MinGW\bin;C:\WINDOWS\system32;C:\WINDOWS;C:\WINDOWS\System32\Wbem;C:\WINDOWS\System32\WindowsPowerShell\v1.0\;C:\WINDOWS\System32\OpenSSH\;C:\Program Files\nodejs\;C:\Program Files\Java\jdk-17.0.2\bin;C:\Program Files\Git\cmd;C:\Program Files\Docker\Docker\resources\bin;C:\Program Files\MySQL\MySQL Shell 8.0\bin\;C:\Users\Ankit kr Mahto\AppData\Local\Microsoft\WindowsApps;;C:\Users\Ankit kr Mahto\AppData\Local\Programs\Microsoft VS Code\bin;C:\Users\Ankit kr Mahto\AppData\Roaming\npm;C:\Program Files\JetBrains\IntelliJ IDEA Community Edition 2022.1\bin;
USERNAME=Ankit kr Mahto
OS=Windows_NT
PROCESSOR_IDENTIFIER=Intel64 Family 6 Model 142 Stepping 12, GenuineIntel
TMP=C:\Users\ANKITK~1\AppData\Local\Temp
TEMP=C:\Users\ANKITK~1\AppData\Local\Temp



Periodic native trim disabled


---------------  S Y S T E M  ---------------

OS:
 Windows 11 , 64 bit Build 22621 (10.0.22621.3672)
OS uptime: 9 days 3:27 hours
Hyper-V role detected

CPU: total 8 (initial active 8) (4 cores per cpu, 2 threads per core) family 6 model 142 stepping 12 microcode 0xde, cx8, cmov, fxsr, ht, mmx, 3dnowpref, sse, sse2, sse3, ssse3, sse4.1, sse4.2, popcnt, lzcnt, tsc, tscinvbit, avx, avx2, aes, erms, clmul, bmi1, bmi2, adx, fma, vzeroupper, clflush, clflushopt, hv
Processor Information for all 8 processors :
  Max Mhz: 2101, Current Mhz: 2101, Mhz Limit: 2101

Memory: 4k page, system-wide physical 8028M (890M free)
TotalPageFile size 32604M (AvailPageFile size 11M)
current process WorkingSet (physical memory assigned to process): 315M, peak: 322M
current process commit charge ("private bytes"): 392M, peak: 418M

vm_info: OpenJDK 64-Bit Server VM (17.0.11+9) for windows-amd64 JRE (17.0.11+9), built on Apr 17 2024 06:07:48 by "admin" with MS VC++ 16.10 / 16.11 (VS2019)

END.
