#
# There is insufficient memory for the Java Runtime Environment to continue.
# Native memory allocation (malloc) failed to allocate 1048576 bytes for AllocateHeap
# Possible reasons:
#   The system is out of physical RAM or swap space
#   The process is running with CompressedOops enabled, and the Java Heap may be blocking the growth of the native heap
# Possible solutions:
#   Reduce memory load on the system
#   Increase physical memory or swap space
#   Check if swap backing store is full
#   Decrease Java heap size (-Xmx/-Xms)
#   Decrease number of Java threads
#   Decrease Java thread stack sizes (-Xss)
#   Set larger code cache with -XX:ReservedCodeCacheSize=
#   JVM is running with Unscaled Compressed Oops mode in which the Java heap is
#     placed in the first 4GB address space. The Java Heap base address is the
#     maximum limit for the native heap growth. Please use -XX:HeapBaseMinAddress
#     to set the Java Heap base and to place the Java Heap above 4GB virtual address.
# This output file may be truncated or incomplete.
#
#  Out of Memory Error (allocation.cpp:44), pid=19364, tid=24128
#
# JRE version: Java(TM) SE Runtime Environment (17.0.2+8) (build 17.0.2+8-LTS-86)
# Java VM: Java HotSpot(TM) 64-Bit Server VM (17.0.2+8-LTS-86, mixed mode, sharing, tiered, compressed oops, compressed class ptrs, g1 gc, windows-amd64)
# No core dump will be written. Minidumps are not enabled by default on client versions of Windows
#

---------------  S U M M A R Y ------------

Command Line: -XX:+ShowCodeDetailsInExceptionMessages com.scm.Application

Host: Intel(R) Core(TM) i5-10210U CPU @ 1.60GHz, 8 cores, 7G,  Windows 11 , 64 bit Build 22621 (10.0.22621.3672)
Time: Thu Jul 25 14:39:03 2024 India Standard Time elapsed time: 337.495627 seconds (0d 0h 5m 37s)

---------------  T H R E A D  ---------------

Current thread (0x000001dbda721380):  VMThread "VM Thread" [stack: 0x000000106ee00000,0x000000106ef00000] [id=24128]

Stack: [0x000000106ee00000,0x000000106ef00000]
Native frames: (J=compiled Java code, j=interpreted, Vv=VM code, C=native code)
V  [jvm.dll+0x670baa]
V  [jvm.dll+0x7cfcb4]
V  [jvm.dll+0x7d145e]
V  [jvm.dll+0x7d1ac3]
V  [jvm.dll+0x242bc5]
V  [jvm.dll+0xa4b93]
V  [jvm.dll+0x2f1f53]
V  [jvm.dll+0x2ede30]
V  [jvm.dll+0x2d6637]
V  [jvm.dll+0x319187]
V  [jvm.dll+0x7d5f9b]
V  [jvm.dll+0x7d6cd4]
V  [jvm.dll+0x7d71ec]
V  [jvm.dll+0x7d75c4]
V  [jvm.dll+0x7d7690]
V  [jvm.dll+0x77ff7a]
V  [jvm.dll+0x66fa35]
C  [ucrtbase.dll+0x29333]
C  [KERNEL32.DLL+0x1257d]
C  [ntdll.dll+0x5af28]

VM_Operation (0x00000010715ff190): G1CollectFull, mode: safepoint, requested by thread 0x000001dbe3b7a510


---------------  P R O C E S S  ---------------

Threads class SMR info:
_java_thread_list=0x000001dbdfae6a50, length=31, elements={
0x000001dbda725710, 0x000001dbda727590, 0x000001dbda73fd60, 0x000001dbda741830,
0x000001dbda7423e0, 0x000001dbda744fb0, 0x000001dbda748a80, 0x000001dbda747370,
0x000001dbda74ffd0, 0x000001dbdb1bda10, 0x000001dbdb1c62e0, 0x000001dbde6099d0,
0x000001dbde609ea0, 0x000001dbdc2d1a90, 0x000001dbdc2d2430, 0x000001dbde60a840,
0x000001dbde60ad10, 0x000001dbe548e930, 0x000001dbe5492c90, 0x000001dbe548d5f0,
0x000001dbe548ee00, 0x000001dbe5493630, 0x000001dbe548f7a0, 0x000001dbde60b1e0,
0x000001dbdc2cf8e0, 0x000001dbde609030, 0x000001dbe54944a0, 0x000001dbde609500,
0x000001dbdc2cfdb0, 0x000001dbe5490610, 0x000001dbe3b7a510
}

Java Threads: ( => current thread )
  0x000001dbda725710 JavaThread "Reference Handler" daemon [_thread_blocked, id=4660, stack(0x000000106ef00000,0x000000106f000000)]
  0x000001dbda727590 JavaThread "Finalizer" daemon [_thread_blocked, id=20036, stack(0x000000106f000000,0x000000106f100000)]
  0x000001dbda73fd60 JavaThread "Signal Dispatcher" daemon [_thread_blocked, id=6040, stack(0x000000106f100000,0x000000106f200000)]
  0x000001dbda741830 JavaThread "Attach Listener" daemon [_thread_blocked, id=11424, stack(0x000000106f200000,0x000000106f300000)]
  0x000001dbda7423e0 JavaThread "Service Thread" daemon [_thread_blocked, id=21868, stack(0x000000106f300000,0x000000106f400000)]
  0x000001dbda744fb0 JavaThread "Monitor Deflation Thread" daemon [_thread_blocked, id=16968, stack(0x000000106f400000,0x000000106f500000)]
  0x000001dbda748a80 JavaThread "C2 CompilerThread0" daemon [_thread_blocked, id=14988, stack(0x000000106f500000,0x000000106f600000)]
  0x000001dbda747370 JavaThread "C1 CompilerThread0" daemon [_thread_blocked, id=21736, stack(0x000000106f600000,0x000000106f700000)]
  0x000001dbda74ffd0 JavaThread "Sweeper thread" daemon [_thread_blocked, id=13276, stack(0x000000106f700000,0x000000106f800000)]
  0x000001dbdb1bda10 JavaThread "Notification Thread" daemon [_thread_blocked, id=9924, stack(0x000000106f800000,0x000000106f900000)]
  0x000001dbdb1c62e0 JavaThread "Common-Cleaner" daemon [_thread_blocked, id=25364, stack(0x000000106fa00000,0x000000106fb00000)]
  0x000001dbde6099d0 JavaThread "mysql-cj-abandoned-connection-cleanup" daemon [_thread_blocked, id=12648, stack(0x0000001070900000,0x0000001070a00000)]
  0x000001dbde609ea0 JavaThread "Live Reload Server" daemon [_thread_in_native, id=21420, stack(0x0000001070f00000,0x0000001071000000)]
  0x000001dbdc2d1a90 JavaThread "DestroyJavaVM" [_thread_blocked, id=21524, stack(0x000000106e800000,0x000000106e900000)]
  0x000001dbdc2d2430 JavaThread "File Watcher" daemon [_thread_blocked, id=17076, stack(0x0000001070600000,0x0000001070700000)]
  0x000001dbde60a840 JavaThread "File Watcher" daemon [_thread_blocked, id=20832, stack(0x0000001070700000,0x0000001070800000)]
  0x000001dbde60ad10 JavaThread "File Watcher" daemon [_thread_blocked, id=6568, stack(0x0000001070b00000,0x0000001070c00000)]
  0x000001dbe548e930 JavaThread "File Watcher" daemon [_thread_blocked, id=13432, stack(0x000000106e700000,0x000000106e800000)]
  0x000001dbe5492c90 JavaThread "File Watcher" daemon [_thread_blocked, id=19704, stack(0x000000106fb00000,0x000000106fc00000)]
  0x000001dbe548d5f0 JavaThread "File Watcher" daemon [_thread_blocked, id=15804, stack(0x000000106fd00000,0x000000106fe00000)]
  0x000001dbe548ee00 JavaThread "File Watcher" daemon [_thread_blocked, id=21480, stack(0x0000001070d00000,0x0000001070e00000)]
  0x000001dbe5493630 JavaThread "File Watcher" daemon [_thread_blocked, id=9748, stack(0x0000001070800000,0x0000001070900000)]
  0x000001dbe548f7a0 JavaThread "File Watcher" daemon [_thread_blocked, id=21608, stack(0x0000001070c00000,0x0000001070d00000)]
  0x000001dbde60b1e0 JavaThread "File Watcher" daemon [_thread_blocked, id=22676, stack(0x0000001070e00000,0x0000001070f00000)]
  0x000001dbdc2cf8e0 JavaThread "File Watcher" daemon [_thread_blocked, id=14964, stack(0x0000001071000000,0x0000001071100000)]
  0x000001dbde609030 JavaThread "File Watcher" daemon [_thread_blocked, id=21240, stack(0x0000001071100000,0x0000001071200000)]
  0x000001dbe54944a0 JavaThread "File Watcher" daemon [_thread_blocked, id=23364, stack(0x0000001071200000,0x0000001071300000)]
  0x000001dbde609500 JavaThread "File Watcher" daemon [_thread_blocked, id=17584, stack(0x000000106fc00000,0x000000106fd00000)]
  0x000001dbdc2cfdb0 JavaThread "File Watcher" daemon [_thread_blocked, id=25208, stack(0x0000001071300000,0x0000001071400000)]
  0x000001dbe5490610 JavaThread "File Watcher" daemon [_thread_blocked, id=13072, stack(0x0000001071400000,0x0000001071500000)]
  0x000001dbe3b7a510 JavaThread "Thread-83" [_thread_blocked, id=24192, stack(0x0000001071500000,0x0000001071600000)]

Other Threads:
=>0x000001dbda721380 VMThread "VM Thread" [stack: 0x000000106ee00000,0x000000106ef00000] [id=24128]
  0x000001dbbc7b8b50 WatcherThread [stack: 0x000000106f900000,0x000000106fa00000] [id=8140]
  0x000001dbbc78bfd0 GCTaskThread "GC Thread#0" [stack: 0x000000106e900000,0x000000106ea00000] [id=13048]
  0x000001dbdbc87880 GCTaskThread "GC Thread#1" [stack: 0x000000106fe00000,0x000000106ff00000] [id=12692]
  0x000001dbdbc10ab0 GCTaskThread "GC Thread#2" [stack: 0x000000106ff00000,0x0000001070000000] [id=20908]
  0x000001dbdbc10d60 GCTaskThread "GC Thread#3" [stack: 0x0000001070000000,0x0000001070100000] [id=6304]
  0x000001dbdbee5450 GCTaskThread "GC Thread#4" [stack: 0x0000001070100000,0x0000001070200000] [id=24872]
  0x000001dbdbee5700 GCTaskThread "GC Thread#5" [stack: 0x0000001070200000,0x0000001070300000] [id=10132]
  0x000001dbdbf7b570 GCTaskThread "GC Thread#6" [stack: 0x0000001070400000,0x0000001070500000] [id=15764]
  0x000001dbdbe908f0 GCTaskThread "GC Thread#7" [stack: 0x0000001070500000,0x0000001070600000] [id=8532]
  0x000001dbbc79ee30 ConcurrentGCThread "G1 Main Marker" [stack: 0x000000106ea00000,0x000000106eb00000] [id=19572]
  0x000001dbbc79f840 ConcurrentGCThread "G1 Conc#0" [stack: 0x000000106eb00000,0x000000106ec00000] [id=22772]
  0x000001dbdc1a87e0 ConcurrentGCThread "G1 Conc#1" [stack: 0x0000001070300000,0x0000001070400000] [id=13572]
  0x000001dbda5e00a0 ConcurrentGCThread "G1 Refine#0" [stack: 0x000000106ec00000,0x000000106ed00000] [id=10964]
  0x000001dbda5e09d0 ConcurrentGCThread "G1 Service" [stack: 0x000000106ed00000,0x000000106ee00000] [id=18888]

Threads with active compile tasks:
C2 CompilerThread0   337517 17453       4       ch.qos.logback.core.pattern.Converter::write (11 bytes)

VM state: at safepoint (normal execution)

VM Mutex/Monitor currently owned by a thread:  ([mutex/lock_event])
[0x000001dbbc742570] Threads_lock - owner thread: 0x000001dbda721380
[0x000001dbbc741ac0] Heap_lock - owner thread: 0x000001dbe3b7a510

Heap address: 0x0000000082800000, size: 2008 MB, Compressed Oops mode: 32-bit

CDS archive(s) mapped at: [0x0000000800000000-0x0000000800bc0000-0x0000000800bc0000), size 12320768, SharedBaseAddress: 0x0000000800000000, ArchiveRelocationMode: 0.
Compressed class space mapped at: 0x0000000800c00000-0x0000000840c00000, reserved size: 1073741824
Narrow klass base: 0x0000000800000000, Narrow klass shift: 0, Narrow klass range: 0x100000000

GC Precious Log:
 CPUs: 8 total, 8 available
 Memory: 8028M
 Large Page Support: Disabled
 NUMA Support: Disabled
 Compressed Oops: Enabled (32-bit)
 Heap Region Size: 1M
 Heap Min Capacity: 8M
 Heap Initial Capacity: 126M
 Heap Max Capacity: 2008M
 Pre-touch: Disabled
 Parallel Workers: 8
 Concurrent Workers: 2
 Concurrent Refinement Workers: 8
 Periodic GC: Disabled

Heap:
 garbage-first heap   total 144384K, used 46737K [0x0000000082800000, 0x0000000100000000)
  region size 1024K, 14 young (14336K), 8 survivors (8192K)
 Metaspace       used 91307K, committed 92544K, reserved 1130496K
  class space    used 11617K, committed 12224K, reserved 1048576K

Heap Regions: E=young(eden), S=young(survivor), O=old, HS=humongous(starts), HC=humongous(continues), CS=collection set, F=free, OA=open archive, CA=closed archive, TAMS=top-at-mark-start (previous, next)
|   0|0x0000000082800000, 0x0000000082900000, 0x0000000082900000|100%|HS|  |TAMS 0x0000000082900000, 0x0000000082800000| Untracked 
|   1|0x0000000082900000, 0x0000000082a00000, 0x0000000082a00000|100%| O|  |TAMS 0x0000000082a00000, 0x0000000082900000| Untracked 
|   2|0x0000000082a00000, 0x0000000082b00000, 0x0000000082b00000|100%| O|  |TAMS 0x0000000082b00000, 0x0000000082a00000| Untracked 
|   3|0x0000000082b00000, 0x0000000082c00000, 0x0000000082c00000|100%| O|  |TAMS 0x0000000082c00000, 0x0000000082b00000| Untracked 
|   4|0x0000000082c00000, 0x0000000082d00000, 0x0000000082d00000|100%| O|  |TAMS 0x0000000082d00000, 0x0000000082c00000| Untracked 
|   5|0x0000000082d00000, 0x0000000082e00000, 0x0000000082e00000|100%| O|  |TAMS 0x0000000082e00000, 0x0000000082d00000| Untracked 
|   6|0x0000000082e00000, 0x0000000082effff8, 0x0000000082f00000| 99%| O|  |TAMS 0x0000000082effff8, 0x0000000082e00000| Untracked 
|   7|0x0000000082f00000, 0x0000000082ffffc8, 0x0000000083000000| 99%| O|  |TAMS 0x0000000082ffffc8, 0x0000000082f00000| Untracked 
|   8|0x0000000083000000, 0x00000000830fffd8, 0x0000000083100000| 99%| O|  |TAMS 0x00000000830fffd8, 0x0000000083000000| Untracked 
|   9|0x0000000083100000, 0x0000000083200000, 0x0000000083200000|100%| O|  |TAMS 0x0000000083200000, 0x0000000083100000| Untracked 
|  10|0x0000000083200000, 0x0000000083300000, 0x0000000083300000|100%| O|  |TAMS 0x0000000083300000, 0x0000000083200000| Untracked 
|  11|0x0000000083300000, 0x0000000083400000, 0x0000000083400000|100%| O|  |TAMS 0x0000000083400000, 0x0000000083300000| Untracked 
|  12|0x0000000083400000, 0x0000000083500000, 0x0000000083500000|100%| O|  |TAMS 0x0000000083500000, 0x0000000083400000| Untracked 
|  13|0x0000000083500000, 0x0000000083600000, 0x0000000083600000|100%| O|  |TAMS 0x0000000083600000, 0x0000000083500000| Untracked 
|  14|0x0000000083600000, 0x00000000836ffff0, 0x0000000083700000| 99%| O|  |TAMS 0x00000000836ffff0, 0x0000000083600000| Untracked 
|  15|0x0000000083700000, 0x00000000837fffc8, 0x0000000083800000| 99%| O|  |TAMS 0x00000000837fffc8, 0x0000000083700000| Untracked 
|  16|0x0000000083800000, 0x00000000838ffd28, 0x0000000083900000| 99%| O|  |TAMS 0x00000000838ffd28, 0x0000000083800000| Untracked 
|  17|0x0000000083900000, 0x00000000839fffe8, 0x0000000083a00000| 99%| O|  |TAMS 0x00000000839fffe8, 0x0000000083900000| Untracked 
|  18|0x0000000083a00000, 0x0000000083afffb8, 0x0000000083b00000| 99%| O|  |TAMS 0x0000000083afffb8, 0x0000000083a00000| Untracked 
|  19|0x0000000083b00000, 0x0000000083bfffc0, 0x0000000083c00000| 99%| O|  |TAMS 0x0000000083bfffc0, 0x0000000083b00000| Untracked 
|  20|0x0000000083c00000, 0x0000000083cfffb8, 0x0000000083d00000| 99%| O|  |TAMS 0x0000000083cfffb8, 0x0000000083c00000| Untracked 
|  21|0x0000000083d00000, 0x0000000083e00000, 0x0000000083e00000|100%| O|  |TAMS 0x0000000083e00000, 0x0000000083d00000| Untracked 
|  22|0x0000000083e00000, 0x0000000083f00000, 0x0000000083f00000|100%| O|  |TAMS 0x0000000083f00000, 0x0000000083e00000| Untracked 
|  23|0x0000000083f00000, 0x0000000083ffffd0, 0x0000000084000000| 99%| O|  |TAMS 0x0000000083ffffd0, 0x0000000083f00000| Untracked 
|  24|0x0000000084000000, 0x00000000840ffec8, 0x0000000084100000| 99%| O|  |TAMS 0x00000000840ffec8, 0x0000000084000000| Untracked 
|  25|0x0000000084100000, 0x00000000841ffff8, 0x0000000084200000| 99%| O|  |TAMS 0x00000000841ffff8, 0x0000000084100000| Untracked 
|  26|0x0000000084200000, 0x00000000842ffff8, 0x0000000084300000| 99%| O|  |TAMS 0x0000000084200000, 0x0000000084200000| Untracked 
|  27|0x0000000084300000, 0x00000000843ffff8, 0x0000000084400000| 99%| O|  |TAMS 0x0000000084300000, 0x0000000084300000| Untracked 
|  28|0x0000000084400000, 0x00000000844ffff8, 0x0000000084500000| 99%| O|  |TAMS 0x0000000084400000, 0x0000000084400000| Untracked 
|  29|0x0000000084500000, 0x00000000845fffd8, 0x0000000084600000| 99%| O|  |TAMS 0x0000000084500000, 0x0000000084500000| Untracked 
|  30|0x0000000084600000, 0x0000000084670810, 0x0000000084700000| 43%| O|  |TAMS 0x0000000084600000, 0x0000000084600000| Untracked 
|  31|0x0000000084700000, 0x00000000847ac260, 0x0000000084800000| 67%| O|  |TAMS 0x0000000084700000, 0x0000000084700000| Untracked 
|  32|0x0000000084800000, 0x0000000084800000, 0x0000000084900000|  0%| F|  |TAMS 0x0000000084800000, 0x0000000084800000| Untracked 
|  33|0x0000000084900000, 0x00000000849a2450, 0x0000000084a00000| 63%| O|  |TAMS 0x0000000084900000, 0x0000000084900000| Untracked 
|  34|0x0000000084a00000, 0x0000000084aaf1e0, 0x0000000084b00000| 68%| O|  |TAMS 0x0000000084a00000, 0x0000000084a00000| Untracked 
|  35|0x0000000084b00000, 0x0000000084b00000, 0x0000000084c00000|  0%| F|  |TAMS 0x0000000084b00000, 0x0000000084b00000| Untracked 
|  36|0x0000000084c00000, 0x0000000084c00000, 0x0000000084d00000|  0%| F|  |TAMS 0x0000000084c00000, 0x0000000084c00000| Untracked 
|  37|0x0000000084d00000, 0x0000000084d00000, 0x0000000084e00000|  0%| F|  |TAMS 0x0000000084d00000, 0x0000000084d00000| Untracked 
|  38|0x0000000084e00000, 0x0000000084e00000, 0x0000000084f00000|  0%| F|  |TAMS 0x0000000084e00000, 0x0000000084e00000| Untracked 
|  39|0x0000000084f00000, 0x0000000084f00000, 0x0000000085000000|  0%| F|  |TAMS 0x0000000084f00000, 0x0000000084f00000| Untracked 
|  40|0x0000000085000000, 0x0000000085000000, 0x0000000085100000|  0%| F|  |TAMS 0x0000000085000000, 0x0000000085000000| Untracked 
|  41|0x0000000085100000, 0x0000000085100000, 0x0000000085200000|  0%| F|  |TAMS 0x0000000085100000, 0x0000000085100000| Untracked 
|  42|0x0000000085200000, 0x0000000085200000, 0x0000000085300000|  0%| F|  |TAMS 0x0000000085200000, 0x0000000085200000| Untracked 
|  43|0x0000000085300000, 0x0000000085300000, 0x0000000085400000|  0%| F|  |TAMS 0x0000000085300000, 0x0000000085300000| Untracked 
|  44|0x0000000085400000, 0x0000000085400000, 0x0000000085500000|  0%| F|  |TAMS 0x0000000085400000, 0x0000000085400000| Untracked 
|  45|0x0000000085500000, 0x0000000085500000, 0x0000000085600000|  0%| F|  |TAMS 0x0000000085500000, 0x0000000085500000| Untracked 
|  46|0x0000000085600000, 0x0000000085600000, 0x0000000085700000|  0%| F|  |TAMS 0x0000000085600000, 0x0000000085600000| Untracked 
|  47|0x0000000085700000, 0x0000000085700000, 0x0000000085800000|  0%| F|  |TAMS 0x0000000085700000, 0x0000000085700000| Untracked 
|  48|0x0000000085800000, 0x0000000085800000, 0x0000000085900000|  0%| F|  |TAMS 0x0000000085800000, 0x0000000085800000| Untracked 
|  49|0x0000000085900000, 0x0000000085900000, 0x0000000085a00000|  0%| F|  |TAMS 0x0000000085900000, 0x0000000085900000| Untracked 
|  50|0x0000000085a00000, 0x0000000085a00000, 0x0000000085b00000|  0%| F|  |TAMS 0x0000000085a00000, 0x0000000085a00000| Untracked 
|  51|0x0000000085b00000, 0x0000000085b00000, 0x0000000085c00000|  0%| F|  |TAMS 0x0000000085b00000, 0x0000000085b00000| Untracked 
|  52|0x0000000085c00000, 0x0000000085c00000, 0x0000000085d00000|  0%| F|  |TAMS 0x0000000085c00000, 0x0000000085c00000| Untracked 
|  53|0x0000000085d00000, 0x0000000085d00000, 0x0000000085e00000|  0%| F|  |TAMS 0x0000000085d00000, 0x0000000085d00000| Untracked 
|  54|0x0000000085e00000, 0x0000000085e00000, 0x0000000085f00000|  0%| F|  |TAMS 0x0000000085e00000, 0x0000000085e00000| Untracked 
|  55|0x0000000085f00000, 0x0000000085f00000, 0x0000000086000000|  0%| F|  |TAMS 0x0000000085f00000, 0x0000000085f00000| Untracked 
|  56|0x0000000086000000, 0x0000000086000000, 0x0000000086100000|  0%| F|  |TAMS 0x0000000086000000, 0x0000000086000000| Untracked 
|  57|0x0000000086100000, 0x0000000086100000, 0x0000000086200000|  0%| F|  |TAMS 0x0000000086100000, 0x0000000086100000| Untracked 
|  58|0x0000000086200000, 0x0000000086200000, 0x0000000086300000|  0%| F|  |TAMS 0x0000000086200000, 0x0000000086200000| Untracked 
|  59|0x0000000086300000, 0x0000000086300000, 0x0000000086400000|  0%| F|  |TAMS 0x0000000086300000, 0x0000000086300000| Untracked 
|  60|0x0000000086400000, 0x0000000086400000, 0x0000000086500000|  0%| F|  |TAMS 0x0000000086400000, 0x0000000086400000| Untracked 
|  61|0x0000000086500000, 0x00000000865a4270, 0x0000000086600000| 64%| O|  |TAMS 0x0000000086500000, 0x0000000086500000| Untracked 
|  62|0x0000000086600000, 0x0000000086600000, 0x0000000086700000|  0%| F|  |TAMS 0x0000000086600000, 0x0000000086600000| Untracked 
|  63|0x0000000086700000, 0x0000000086700000, 0x0000000086800000|  0%| F|  |TAMS 0x0000000086700000, 0x0000000086700000| Untracked 
|  64|0x0000000086800000, 0x0000000086800000, 0x0000000086900000|  0%| F|  |TAMS 0x0000000086800000, 0x0000000086800000| Untracked 
|  65|0x0000000086900000, 0x0000000086900000, 0x0000000086a00000|  0%| F|  |TAMS 0x0000000086900000, 0x0000000086900000| Untracked 
|  66|0x0000000086a00000, 0x0000000086a00000, 0x0000000086b00000|  0%| F|  |TAMS 0x0000000086a00000, 0x0000000086a00000| Untracked 
|  67|0x0000000086b00000, 0x0000000086b00000, 0x0000000086c00000|  0%| F|  |TAMS 0x0000000086b00000, 0x0000000086b00000| Untracked 
|  68|0x0000000086c00000, 0x0000000086c92ac0, 0x0000000086d00000| 57%| S|CS|TAMS 0x0000000086c00000, 0x0000000086c00000| Complete 
|  69|0x0000000086d00000, 0x0000000086e00000, 0x0000000086e00000|100%| S|CS|TAMS 0x0000000086d00000, 0x0000000086d00000| Complete 
|  70|0x0000000086e00000, 0x0000000086f00000, 0x0000000086f00000|100%| S|CS|TAMS 0x0000000086e00000, 0x0000000086e00000| Complete 
|  71|0x0000000086f00000, 0x0000000087000000, 0x0000000087000000|100%| S|CS|TAMS 0x0000000086f00000, 0x0000000086f00000| Complete 
|  72|0x0000000087000000, 0x0000000087100000, 0x0000000087100000|100%| S|CS|TAMS 0x0000000087000000, 0x0000000087000000| Complete 
|  73|0x0000000087100000, 0x0000000087200000, 0x0000000087200000|100%| S|CS|TAMS 0x0000000087100000, 0x0000000087100000| Complete 
|  74|0x0000000087200000, 0x0000000087300000, 0x0000000087300000|100%| S|CS|TAMS 0x0000000087200000, 0x0000000087200000| Complete 
|  75|0x0000000087300000, 0x0000000087400000, 0x0000000087400000|100%| S|CS|TAMS 0x0000000087300000, 0x0000000087300000| Complete 
|  76|0x0000000087400000, 0x0000000087400000, 0x0000000087500000|  0%| F|  |TAMS 0x0000000087400000, 0x0000000087400000| Untracked 
|  77|0x0000000087500000, 0x0000000087500000, 0x0000000087600000|  0%| F|  |TAMS 0x0000000087500000, 0x0000000087500000| Untracked 
|  78|0x0000000087600000, 0x0000000087600000, 0x0000000087700000|  0%| F|  |TAMS 0x0000000087600000, 0x0000000087600000| Untracked 
|  79|0x0000000087700000, 0x0000000087700000, 0x0000000087800000|  0%| F|  |TAMS 0x0000000087700000, 0x0000000087700000| Untracked 
|  80|0x0000000087800000, 0x0000000087800000, 0x0000000087900000|  0%| F|  |TAMS 0x0000000087800000, 0x0000000087800000| Untracked 
|  81|0x0000000087900000, 0x0000000087900000, 0x0000000087a00000|  0%| F|  |TAMS 0x0000000087900000, 0x0000000087900000| Untracked 
|  82|0x0000000087a00000, 0x0000000087a00000, 0x0000000087b00000|  0%| F|  |TAMS 0x0000000087a00000, 0x0000000087a00000| Untracked 
|  83|0x0000000087b00000, 0x0000000087b00000, 0x0000000087c00000|  0%| F|  |TAMS 0x0000000087b00000, 0x0000000087b00000| Untracked 
|  84|0x0000000087c00000, 0x0000000087c00000, 0x0000000087d00000|  0%| F|  |TAMS 0x0000000087c00000, 0x0000000087c00000| Untracked 
|  85|0x0000000087d00000, 0x0000000087d00000, 0x0000000087e00000|  0%| F|  |TAMS 0x0000000087d00000, 0x0000000087d00000| Untracked 
|  86|0x0000000087e00000, 0x0000000087e00000, 0x0000000087f00000|  0%| F|  |TAMS 0x0000000087e00000, 0x0000000087e00000| Untracked 
|  87|0x0000000087f00000, 0x0000000087f00000, 0x0000000088000000|  0%| F|  |TAMS 0x0000000087f00000, 0x0000000087f00000| Untracked 
|  88|0x0000000088000000, 0x0000000088000000, 0x0000000088100000|  0%| F|  |TAMS 0x0000000088000000, 0x0000000088000000| Untracked 
|  89|0x0000000088100000, 0x0000000088100000, 0x0000000088200000|  0%| F|  |TAMS 0x0000000088100000, 0x0000000088100000| Untracked 
|  90|0x0000000088200000, 0x0000000088200000, 0x0000000088300000|  0%| F|  |TAMS 0x0000000088200000, 0x0000000088200000| Untracked 
|  91|0x0000000088300000, 0x0000000088300000, 0x0000000088400000|  0%| F|  |TAMS 0x0000000088300000, 0x0000000088300000| Untracked 
|  92|0x0000000088400000, 0x0000000088400000, 0x0000000088500000|  0%| F|  |TAMS 0x0000000088400000, 0x0000000088400000| Untracked 
|  93|0x0000000088500000, 0x0000000088500000, 0x0000000088600000|  0%| F|  |TAMS 0x0000000088500000, 0x0000000088500000| Untracked 
|  94|0x0000000088600000, 0x0000000088600000, 0x0000000088700000|  0%| F|  |TAMS 0x0000000088600000, 0x0000000088600000| Untracked 
|  95|0x0000000088700000, 0x0000000088700000, 0x0000000088800000|  0%| F|  |TAMS 0x0000000088700000, 0x0000000088700000| Untracked 
|  96|0x0000000088800000, 0x0000000088800000, 0x0000000088900000|  0%| F|  |TAMS 0x0000000088800000, 0x0000000088800000| Untracked 
|  97|0x0000000088900000, 0x0000000088900000, 0x0000000088a00000|  0%| F|  |TAMS 0x0000000088900000, 0x0000000088900000| Untracked 
|  98|0x0000000088a00000, 0x0000000088a00000, 0x0000000088b00000|  0%| F|  |TAMS 0x0000000088a00000, 0x0000000088a00000| Untracked 
|  99|0x0000000088b00000, 0x0000000088b00000, 0x0000000088c00000|  0%| F|  |TAMS 0x0000000088b00000, 0x0000000088b00000| Untracked 
| 100|0x0000000088c00000, 0x0000000088c00000, 0x0000000088d00000|  0%| F|  |TAMS 0x0000000088c00000, 0x0000000088c00000| Untracked 
| 101|0x0000000088d00000, 0x0000000088d00000, 0x0000000088e00000|  0%| F|  |TAMS 0x0000000088d00000, 0x0000000088d00000| Untracked 
| 102|0x0000000088e00000, 0x0000000088e00000, 0x0000000088f00000|  0%| F|  |TAMS 0x0000000088e00000, 0x0000000088e00000| Untracked 
| 103|0x0000000088f00000, 0x0000000088f00000, 0x0000000089000000|  0%| F|  |TAMS 0x0000000088f00000, 0x0000000088f00000| Untracked 
| 104|0x0000000089000000, 0x0000000089000000, 0x0000000089100000|  0%| F|  |TAMS 0x0000000089000000, 0x0000000089000000| Untracked 
| 105|0x0000000089100000, 0x0000000089100000, 0x0000000089200000|  0%| F|  |TAMS 0x0000000089100000, 0x0000000089100000| Untracked 
| 106|0x0000000089200000, 0x0000000089200000, 0x0000000089300000|  0%| F|  |TAMS 0x0000000089200000, 0x0000000089200000| Untracked 
| 107|0x0000000089300000, 0x0000000089300000, 0x0000000089400000|  0%| F|  |TAMS 0x0000000089300000, 0x0000000089300000| Untracked 
| 108|0x0000000089400000, 0x0000000089400000, 0x0000000089500000|  0%| F|  |TAMS 0x0000000089400000, 0x0000000089400000| Untracked 
| 109|0x0000000089500000, 0x0000000089500000, 0x0000000089600000|  0%| F|  |TAMS 0x0000000089500000, 0x0000000089500000| Untracked 
| 110|0x0000000089600000, 0x0000000089600000, 0x0000000089700000|  0%| F|  |TAMS 0x0000000089600000, 0x0000000089600000| Untracked 
| 111|0x0000000089700000, 0x0000000089700000, 0x0000000089800000|  0%| F|  |TAMS 0x0000000089700000, 0x0000000089700000| Untracked 
| 112|0x0000000089800000, 0x0000000089800000, 0x0000000089900000|  0%| F|  |TAMS 0x0000000089800000, 0x0000000089800000| Untracked 
| 113|0x0000000089900000, 0x0000000089900000, 0x0000000089a00000|  0%| F|  |TAMS 0x0000000089900000, 0x0000000089900000| Untracked 
| 114|0x0000000089a00000, 0x0000000089a00000, 0x0000000089b00000|  0%| F|  |TAMS 0x0000000089a00000, 0x0000000089a00000| Untracked 
| 115|0x0000000089b00000, 0x0000000089b00000, 0x0000000089c00000|  0%| F|  |TAMS 0x0000000089b00000, 0x0000000089b00000| Untracked 
| 116|0x0000000089c00000, 0x0000000089c00000, 0x0000000089d00000|  0%| F|  |TAMS 0x0000000089c00000, 0x0000000089c00000| Untracked 
| 117|0x0000000089d00000, 0x0000000089d00000, 0x0000000089e00000|  0%| F|  |TAMS 0x0000000089d00000, 0x0000000089d00000| Untracked 
| 118|0x0000000089e00000, 0x0000000089e00000, 0x0000000089f00000|  0%| F|  |TAMS 0x0000000089e00000, 0x0000000089e00000| Untracked 
| 119|0x0000000089f00000, 0x0000000089f00000, 0x000000008a000000|  0%| F|  |TAMS 0x0000000089f00000, 0x0000000089f00000| Untracked 
| 120|0x000000008a000000, 0x000000008a000000, 0x000000008a100000|  0%| F|  |TAMS 0x000000008a000000, 0x000000008a000000| Untracked 
| 121|0x000000008a100000, 0x000000008a100000, 0x000000008a200000|  0%| F|  |TAMS 0x000000008a100000, 0x000000008a100000| Untracked 
| 122|0x000000008a200000, 0x000000008a200000, 0x000000008a300000|  0%| F|  |TAMS 0x000000008a200000, 0x000000008a200000| Untracked 
| 123|0x000000008a300000, 0x000000008a300000, 0x000000008a400000|  0%| F|  |TAMS 0x000000008a300000, 0x000000008a300000| Untracked 
| 124|0x000000008a400000, 0x000000008a400000, 0x000000008a500000|  0%| F|  |TAMS 0x000000008a400000, 0x000000008a400000| Untracked 
| 125|0x000000008a500000, 0x000000008a500000, 0x000000008a600000|  0%| F|  |TAMS 0x000000008a500000, 0x000000008a500000| Untracked 
| 126|0x000000008a600000, 0x000000008a600000, 0x000000008a700000|  0%| F|  |TAMS 0x000000008a600000, 0x000000008a600000| Untracked 
| 127|0x000000008a700000, 0x000000008a700000, 0x000000008a800000|  0%| F|  |TAMS 0x000000008a700000, 0x000000008a700000| Untracked 
| 128|0x000000008a800000, 0x000000008a800000, 0x000000008a900000|  0%| F|  |TAMS 0x000000008a800000, 0x000000008a800000| Untracked 
| 129|0x000000008a900000, 0x000000008a900000, 0x000000008aa00000|  0%| F|  |TAMS 0x000000008a900000, 0x000000008a900000| Untracked 
| 130|0x000000008aa00000, 0x000000008aa00000, 0x000000008ab00000|  0%| F|  |TAMS 0x000000008aa00000, 0x000000008aa00000| Untracked 
| 131|0x000000008ab00000, 0x000000008ab00000, 0x000000008ac00000|  0%| F|  |TAMS 0x000000008ab00000, 0x000000008ab00000| Untracked 
| 132|0x000000008ac00000, 0x000000008ac00000, 0x000000008ad00000|  0%| F|  |TAMS 0x000000008ac00000, 0x000000008ac00000| Untracked 
| 133|0x000000008ad00000, 0x000000008ad00000, 0x000000008ae00000|  0%| F|  |TAMS 0x000000008ad00000, 0x000000008ad00000| Untracked 
| 134|0x000000008ae00000, 0x000000008ae00000, 0x000000008af00000|  0%| F|  |TAMS 0x000000008ae00000, 0x000000008ae00000| Untracked 
| 135|0x000000008af00000, 0x000000008af37a38, 0x000000008b000000| 21%| E|  |TAMS 0x000000008af00000, 0x000000008af00000| Complete 
| 136|0x000000008b000000, 0x000000008b100000, 0x000000008b100000|100%| E|CS|TAMS 0x000000008b000000, 0x000000008b000000| Complete 
| 137|0x000000008b100000, 0x000000008b200000, 0x000000008b200000|100%| E|CS|TAMS 0x000000008b100000, 0x000000008b100000| Complete 
| 138|0x000000008b200000, 0x000000008b300000, 0x000000008b300000|100%| E|CS|TAMS 0x000000008b200000, 0x000000008b200000| Complete 
| 139|0x000000008b300000, 0x000000008b400000, 0x000000008b400000|100%| E|CS|TAMS 0x000000008b300000, 0x000000008b300000| Complete 
| 140|0x000000008b400000, 0x000000008b500000, 0x000000008b500000|100%| E|CS|TAMS 0x000000008b400000, 0x000000008b400000| Complete 

Card table byte_map: [0x000001dbd36a0000,0x000001dbd3a90000] _byte_map_base: 0x000001dbd328c000

Marking Bits (Prev, Next): (CMBitMap*) 0x000001dbbc78ea40, (CMBitMap*) 0x000001dbbc78ea00
 Prev Bits: [0x000001dbd5de0000, 0x000001dbd7d40000)
 Next Bits: [0x000001dbd3e80000, 0x000001dbd5de0000)

Polling page: 0x000001dbba6d0000

Metaspace:

Usage:
  Non-class:     77.82 MB used.
      Class:     11.34 MB used.
       Both:     89.17 MB used.

Virtual space:
  Non-class space:       80.00 MB reserved,      78.44 MB ( 98%) committed,  10 nodes.
      Class space:        1.00 GB reserved,      11.94 MB (  1%) committed,  1 nodes.
             Both:        1.08 GB reserved,      90.38 MB (  8%) committed. 

Chunk freelists:
   Non-Class:  1.14 MB
       Class:  3.98 MB
        Both:  5.12 MB

MaxMetaspaceSize: unlimited
CompressedClassSpaceSize: 1.00 GB
Initial GC threshold: 21.00 MB
Current GC threshold: 144.94 MB
CDS: on
MetaspaceReclaimPolicy: balanced
 - commit_granule_bytes: 65536.
 - commit_granule_words: 8192.
 - virtual_space_node_default_size: 1048576.
 - enlarge_chunks_in_place: 1.
 - new_chunks_are_fully_committed: 0.
 - uncommit_free_chunks: 1.
 - use_allocation_guard: 0.
 - handle_deallocations: 1.


Internal statistics:

num_allocs_failed_limit: 9.
num_arena_births: 1704.
num_arena_deaths: 46.
num_vsnodes_births: 11.
num_vsnodes_deaths: 0.
num_space_committed: 1446.
num_space_uncommitted: 0.
num_chunks_returned_to_freelist: 62.
num_chunks_taken_from_freelist: 5576.
num_chunk_merges: 7.
num_chunk_splits: 3649.
num_chunks_enlarged: 2389.
num_purges: 20.
num_inconsistent_stats: 0.

CodeHeap 'non-profiled nmethods': size=120000Kb used=12510Kb max_used=12544Kb free=107489Kb
 bounds [0x000001dbcba50000, 0x000001dbcc6a0000, 0x000001dbd2f80000]
CodeHeap 'profiled nmethods': size=120000Kb used=27020Kb max_used=29121Kb free=92979Kb
 bounds [0x000001dbc4520000, 0x000001dbc61a0000, 0x000001dbcba50000]
CodeHeap 'non-nmethods': size=5760Kb used=1400Kb max_used=1519Kb free=4359Kb
 bounds [0x000001dbc3f80000, 0x000001dbc41f0000, 0x000001dbc4520000]
 total_blobs=14503 nmethods=13766 adapters=648
 compilation: enabled
              stopped_count=0, restarted_count=0
 full_count=0

Compilation events (20 events):
Event: 327.955 Thread 0x000001dbda747370 nmethod 17446 0x000001dbc4fd1e10 code [0x000001dbc4fd1fa0, 0x000001dbc4fd20f8]
Event: 327.956 Thread 0x000001dbda747370 17447       1       org.apache.tomcat.util.threads.TaskThread::getCreationTime (5 bytes)
Event: 327.956 Thread 0x000001dbda747370 nmethod 17447 0x000001dbcc522c10 code [0x000001dbcc522da0, 0x000001dbcc522e78]
Event: 337.323 Thread 0x000001dbda747370 17448       3       java.util.concurrent.CountDownLatch$Sync::tryReleaseShared (37 bytes)
Event: 337.323 Thread 0x000001dbda747370 nmethod 17448 0x000001dbc4bbe410 code [0x000001dbc4bbe5c0, 0x000001dbc4bbe8a8]
Event: 337.339 Thread 0x000001dbda747370 17449       3       java.util.concurrent.CountDownLatch::countDown (10 bytes)
Event: 337.339 Thread 0x000001dbda747370 nmethod 17449 0x000001dbc4c7dc10 code [0x000001dbc4c7dde0, 0x000001dbc4c7e038]
Event: 337.339 Thread 0x000001dbda747370 17450       3       java.util.StringTokenizer::nextToken (92 bytes)
Event: 337.340 Thread 0x000001dbda747370 nmethod 17450 0x000001dbc50bc990 code [0x000001dbc50bcb60, 0x000001dbc50bced8]
Event: 337.340 Thread 0x000001dbda747370 17451       3       java.util.StringTokenizer::scanToken (179 bytes)
Event: 337.341 Thread 0x000001dbda747370 nmethod 17451 0x000001dbc4b86990 code [0x000001dbc4b86d00, 0x000001dbc4b883d8]
Event: 337.341 Thread 0x000001dbda748a80 17452       4       org.springframework.core.ResolvableType::isAssignableFrom (503 bytes)
Event: 337.359 Thread 0x000001dbda748a80 nmethod 17452 0x000001dbcc5fa290 code [0x000001dbcc5fa5a0, 0x000001dbcc5fba18]
Event: 337.486 Thread 0x000001dbda748a80 17453       4       ch.qos.logback.core.pattern.Converter::write (11 bytes)
Event: 337.486 Thread 0x000001dbda747370 17454       3       org.springframework.beans.CachedIntrospectionResults$$Lambda$1577/0x00000008015cf930::test (12 bytes)
Event: 337.487 Thread 0x000001dbda747370 nmethod 17454 0x000001dbc4831a10 code [0x000001dbc4831c00, 0x000001dbc4832108]
Event: 337.487 Thread 0x000001dbda747370 17455       3       org.springframework.beans.CachedIntrospectionResults::lambda$clearClassLoader$1 (9 bytes)
Event: 337.487 Thread 0x000001dbda747370 nmethod 17455 0x000001dbc4e3de10 code [0x000001dbc4e3e080, 0x000001dbc4e3ecc8]
Event: 337.488 Thread 0x000001dbda747370 17456       3       java.util.logging.LogManager$RootLogger::accessCheckedHandlers (12 bytes)
Event: 337.488 Thread 0x000001dbda747370 nmethod 17456 0x000001dbc4ebc610 code [0x000001dbc4ebc7e0, 0x000001dbc4ebcb58]

GC Heap History (20 events):
Event: 283.250 GC heap before
{Heap before GC invocations=65 (full 6):
 garbage-first heap   total 122880K, used 100827K [0x0000000082800000, 0x0000000100000000)
  region size 1024K, 28 young (28672K), 2 survivors (2048K)
 Metaspace       used 87171K, committed 88384K, reserved 1130496K
  class space    used 11133K, committed 11712K, reserved 1048576K
}
Event: 283.255 GC heap after
{Heap after GC invocations=66 (full 6):
 garbage-first heap   total 122880K, used 77398K [0x0000000082800000, 0x0000000100000000)
  region size 1024K, 4 young (4096K), 4 survivors (4096K)
 Metaspace       used 87171K, committed 88384K, reserved 1130496K
  class space    used 11133K, committed 11712K, reserved 1048576K
}
Event: 283.980 GC heap before
{Heap before GC invocations=66 (full 6):
 garbage-first heap   total 122880K, used 100950K [0x0000000082800000, 0x0000000100000000)
  region size 1024K, 28 young (28672K), 4 survivors (4096K)
 Metaspace       used 87230K, committed 88448K, reserved 1130496K
  class space    used 11137K, committed 11712K, reserved 1048576K
}
Event: 283.986 GC heap after
{Heap after GC invocations=67 (full 6):
 garbage-first heap   total 122880K, used 78548K [0x0000000082800000, 0x0000000100000000)
  region size 1024K, 2 young (2048K), 2 survivors (2048K)
 Metaspace       used 87230K, committed 88448K, reserved 1130496K
  class space    used 11137K, committed 11712K, reserved 1048576K
}
Event: 284.576 GC heap before
{Heap before GC invocations=67 (full 6):
 garbage-first heap   total 122880K, used 101076K [0x0000000082800000, 0x0000000100000000)
  region size 1024K, 25 young (25600K), 2 survivors (2048K)
 Metaspace       used 87385K, committed 88576K, reserved 1130496K
  class space    used 11148K, committed 11712K, reserved 1048576K
}
Event: 284.581 GC heap after
{Heap after GC invocations=68 (full 6):
 garbage-first heap   total 122880K, used 79783K [0x0000000082800000, 0x0000000100000000)
  region size 1024K, 4 young (4096K), 4 survivors (4096K)
 Metaspace       used 87385K, committed 88576K, reserved 1130496K
  class space    used 11148K, committed 11712K, reserved 1048576K
}
Event: 284.810 GC heap before
{Heap before GC invocations=68 (full 6):
 garbage-first heap   total 122880K, used 101287K [0x0000000082800000, 0x0000000100000000)
  region size 1024K, 25 young (25600K), 4 survivors (4096K)
 Metaspace       used 87496K, committed 88768K, reserved 1130496K
  class space    used 11154K, committed 11776K, reserved 1048576K
}
Event: 284.816 GC heap after
{Heap after GC invocations=69 (full 6):
 garbage-first heap   total 122880K, used 81512K [0x0000000082800000, 0x0000000100000000)
  region size 1024K, 4 young (4096K), 4 survivors (4096K)
 Metaspace       used 87496K, committed 88768K, reserved 1130496K
  class space    used 11154K, committed 11776K, reserved 1048576K
}
Event: 300.206 GC heap before
{Heap before GC invocations=69 (full 6):
 garbage-first heap   total 122880K, used 101992K [0x0000000082800000, 0x0000000100000000)
  region size 1024K, 24 young (24576K), 4 survivors (4096K)
 Metaspace       used 87499K, committed 88768K, reserved 1130496K
  class space    used 11154K, committed 11776K, reserved 1048576K
}
Event: 300.209 GC heap after
{Heap after GC invocations=70 (full 6):
 garbage-first heap   total 122880K, used 81731K [0x0000000082800000, 0x0000000100000000)
  region size 1024K, 1 young (1024K), 1 survivors (1024K)
 Metaspace       used 87499K, committed 88768K, reserved 1130496K
  class space    used 11154K, committed 11776K, reserved 1048576K
}
Event: 307.500 GC heap before
{Heap before GC invocations=70 (full 6):
 garbage-first heap   total 122880K, used 87875K [0x0000000082800000, 0x0000000100000000)
  region size 1024K, 9 young (9216K), 1 survivors (1024K)
 Metaspace       used 87503K, committed 88768K, reserved 1130496K
  class space    used 11155K, committed 11776K, reserved 1048576K
}
Event: 307.583 GC heap after
{Heap after GC invocations=71 (full 7):
 garbage-first heap   total 122880K, used 34143K [0x0000000082800000, 0x0000000100000000)
  region size 1024K, 0 young (0K), 0 survivors (0K)
 Metaspace       used 87465K, committed 88768K, reserved 1130496K
  class space    used 11148K, committed 11776K, reserved 1048576K
}
Event: 308.301 GC heap before
{Heap before GC invocations=71 (full 7):
 garbage-first heap   total 122880K, used 92511K [0x0000000082800000, 0x0000000100000000)
  region size 1024K, 58 young (59392K), 0 survivors (0K)
 Metaspace       used 87731K, committed 88960K, reserved 1130496K
  class space    used 11171K, committed 11776K, reserved 1048576K
}
Event: 308.306 GC heap after
{Heap after GC invocations=72 (full 7):
 garbage-first heap   total 122880K, used 38406K [0x0000000082800000, 0x0000000100000000)
  region size 1024K, 5 young (5120K), 5 survivors (5120K)
 Metaspace       used 87731K, committed 88960K, reserved 1130496K
  class space    used 11171K, committed 11776K, reserved 1048576K
}
Event: 314.359 GC heap before
{Heap before GC invocations=72 (full 7):
 garbage-first heap   total 122880K, used 73222K [0x0000000082800000, 0x0000000100000000)
  region size 1024K, 40 young (40960K), 5 survivors (5120K)
 Metaspace       used 87830K, committed 89024K, reserved 1130496K
  class space    used 11177K, committed 11776K, reserved 1048576K
}
Event: 314.452 GC heap after
{Heap after GC invocations=73 (full 8):
 garbage-first heap   total 119808K, used 33863K [0x0000000082800000, 0x0000000100000000)
  region size 1024K, 0 young (0K), 0 survivors (0K)
 Metaspace       used 87827K, committed 89024K, reserved 1130496K
  class space    used 11177K, committed 11776K, reserved 1048576K
}
Event: 314.980 GC heap before
{Heap before GC invocations=73 (full 8):
 garbage-first heap   total 119808K, used 90183K [0x0000000082800000, 0x0000000100000000)
  region size 1024K, 56 young (57344K), 0 survivors (0K)
 Metaspace       used 88080K, committed 89280K, reserved 1130496K
  class space    used 11198K, committed 11776K, reserved 1048576K
}
Event: 314.984 GC heap after
{Heap after GC invocations=74 (full 8):
 garbage-first heap   total 144384K, used 38383K [0x0000000082800000, 0x0000000100000000)
  region size 1024K, 5 young (5120K), 5 survivors (5120K)
 Metaspace       used 88080K, committed 89280K, reserved 1130496K
  class space    used 11198K, committed 11776K, reserved 1048576K
}
Event: 333.168 GC heap before
{Heap before GC invocations=74 (full 8):
 garbage-first heap   total 144384K, used 103919K [0x0000000082800000, 0x0000000100000000)
  region size 1024K, 70 young (71680K), 5 survivors (5120K)
 Metaspace       used 91301K, committed 92544K, reserved 1130496K
  class space    used 11616K, committed 12224K, reserved 1048576K
}
Event: 333.178 GC heap after
{Heap after GC invocations=75 (full 8):
 garbage-first heap   total 144384K, used 41617K [0x0000000082800000, 0x0000000100000000)
  region size 1024K, 8 young (8192K), 8 survivors (8192K)
 Metaspace       used 91301K, committed 92544K, reserved 1130496K
  class space    used 11616K, committed 12224K, reserved 1048576K
}

Deoptimization events (20 events):
Event: 325.887 Thread 0x000001dbe3b75ce0 Uncommon trap: trap_request=0xffffff45 fr.pc=0x000001dbcbbb3208 relative=0x0000000000000268
Event: 325.887 Thread 0x000001dbe3b75ce0 Uncommon trap: reason=unstable_if action=reinterpret pc=0x000001dbcbbb3208 method=java.util.StringTokenizer.scanToken(I)I @ 96 c2
Event: 325.887 Thread 0x000001dbe3b75ce0 DEOPT PACKING pc=0x000001dbcbbb3208 sp=0x0000001071efa490
Event: 325.887 Thread 0x000001dbe3b75ce0 DEOPT UNPACKING pc=0x000001dbc3fd23a3 sp=0x0000001071efa430 mode 2
Event: 325.907 Thread 0x000001dbe3b75ce0 Uncommon trap: trap_request=0xffffff45 fr.pc=0x000001dbcc5029bc relative=0x00000000000004fc
Event: 325.907 Thread 0x000001dbe3b75ce0 Uncommon trap: reason=unstable_if action=reinterpret pc=0x000001dbcc5029bc method=com.mysql.cj.protocol.result.AbstractResultsetRow.decodeAndCreateReturnValue(I[BIILcom/mysql/cj/result/ValueFactory;)Ljava/lang/Object; @ 18 c2
Event: 325.907 Thread 0x000001dbe3b75ce0 DEOPT PACKING pc=0x000001dbcc5029bc sp=0x0000001071efa1b0
Event: 325.907 Thread 0x000001dbe3b75ce0 DEOPT UNPACKING pc=0x000001dbc3fd23a3 sp=0x0000001071efa138 mode 2
Event: 325.931 Thread 0x000001dbe3b75ce0 Uncommon trap: trap_request=0xffffff54 fr.pc=0x000001dbcbf0ebb0 relative=0x0000000000000270
Event: 325.931 Thread 0x000001dbe3b75ce0 Uncommon trap: reason=speculate_null_assert action=make_not_entrant pc=0x000001dbcbf0ebb0 method=org.springframework.util.ClassUtils.isAssignable(Ljava/lang/Class;Ljava/lang/Class;)Z @ 67 c2
Event: 325.931 Thread 0x000001dbe3b75ce0 DEOPT PACKING pc=0x000001dbcbf0ebb0 sp=0x0000001071efbf00
Event: 325.931 Thread 0x000001dbe3b75ce0 DEOPT UNPACKING pc=0x000001dbc3fd23a3 sp=0x0000001071efbea8 mode 2
Event: 325.958 Thread 0x000001dbe3b7b380 Uncommon trap: trap_request=0xffffff6e fr.pc=0x000001dbcc486cf8 relative=0x00000000000002d8
Event: 325.958 Thread 0x000001dbe3b7b380 Uncommon trap: reason=loop_limit_check action=maybe_recompile pc=0x000001dbcc486cf8 method=org.attoparser.ParsingMarkupUtil.findNextNonWhitespaceCharWildcard([CII[I)I @ 13 c2
Event: 325.958 Thread 0x000001dbe3b7b380 DEOPT PACKING pc=0x000001dbcc486cf8 sp=0x00000010720fa8b0
Event: 325.958 Thread 0x000001dbe3b7b380 DEOPT UNPACKING pc=0x000001dbc3fd23a3 sp=0x00000010720fa820 mode 2
Event: 337.483 Thread 0x000001dbe3b7a510 Uncommon trap: trap_request=0xffffff45 fr.pc=0x000001dbcbf7dd28 relative=0x0000000000000388
Event: 337.483 Thread 0x000001dbe3b7a510 Uncommon trap: reason=unstable_if action=reinterpret pc=0x000001dbcbf7dd28 method=java.util.HashMap$HashIterator.<init>(Ljava/util/HashMap;)V @ 45 c2
Event: 337.483 Thread 0x000001dbe3b7a510 DEOPT PACKING pc=0x000001dbcbf7dd28 sp=0x00000010715fea60
Event: 337.483 Thread 0x000001dbe3b7a510 DEOPT UNPACKING pc=0x000001dbc3fd23a3 sp=0x00000010715fea18 mode 2

Classes unloaded (20 events):
Event: 72.438 Thread 0x000001dbda721380 Unloading class 0x0000000801688000 'org/apache/catalina/loader/JdbcLeakPrevention'
Event: 77.292 Thread 0x000001dbda721380 Unloading class 0x00000008016b1800 'org/apache/catalina/loader/JdbcLeakPrevention'
Event: 89.877 Thread 0x000001dbda721380 Unloading class 0x00000008016bd800 'org/apache/catalina/loader/JdbcLeakPrevention'
Event: 95.864 Thread 0x000001dbda721380 Unloading class 0x00000008016c1000 'org/apache/catalina/loader/JdbcLeakPrevention'
Event: 206.654 Thread 0x000001dbda721380 Unloading class 0x00000008016d2800 'org/apache/catalina/loader/JdbcLeakPrevention'
Event: 307.519 Thread 0x000001dbda721380 Unloading class 0x0000000801782000 'org/apache/catalina/loader/JdbcLeakPrevention'
Event: 307.519 Thread 0x000001dbda721380 Unloading class 0x000000080177a000 'org/apache/catalina/loader/JdbcLeakPrevention'
Event: 307.519 Thread 0x000001dbda721380 Unloading class 0x0000000801772000 'org/apache/catalina/loader/JdbcLeakPrevention'
Event: 307.519 Thread 0x000001dbda721380 Unloading class 0x000000080176a000 'org/apache/catalina/loader/JdbcLeakPrevention'
Event: 307.519 Thread 0x000001dbda721380 Unloading class 0x0000000801762000 'org/apache/catalina/loader/JdbcLeakPrevention'
Event: 307.519 Thread 0x000001dbda721380 Unloading class 0x000000080175a000 'org/apache/catalina/loader/JdbcLeakPrevention'
Event: 307.519 Thread 0x000001dbda721380 Unloading class 0x0000000801753800 'org/apache/catalina/loader/JdbcLeakPrevention'
Event: 307.519 Thread 0x000001dbda721380 Unloading class 0x0000000801714000 'org/apache/catalina/loader/JdbcLeakPrevention'
Event: 307.519 Thread 0x000001dbda721380 Unloading class 0x0000000801706000 'org/apache/catalina/loader/JdbcLeakPrevention'
Event: 307.519 Thread 0x000001dbda721380 Unloading class 0x00000008016fe000 'org/apache/catalina/loader/JdbcLeakPrevention'
Event: 307.519 Thread 0x000001dbda721380 Unloading class 0x00000008016f3400 'org/apache/catalina/loader/JdbcLeakPrevention'
Event: 307.519 Thread 0x000001dbda721380 Unloading class 0x00000008016f0000 'org/apache/catalina/loader/JdbcLeakPrevention'
Event: 307.519 Thread 0x000001dbda721380 Unloading class 0x00000008016e8000 'org/apache/catalina/loader/JdbcLeakPrevention'
Event: 307.519 Thread 0x000001dbda721380 Unloading class 0x00000008016e1800 'org/apache/catalina/loader/JdbcLeakPrevention'
Event: 314.376 Thread 0x000001dbda721380 Unloading class 0x0000000801792000 'org/apache/catalina/loader/JdbcLeakPrevention'

Classes redefined (0 events):
No events

Internal exceptions (20 events):
Event: 314.719 Thread 0x000001dbe3b78830 Exception <a 'sun/nio/fs/WindowsException'{0x0000000088413950}> (0x0000000088413950) 
thrown [t:\workspace\open\src\hotspot\share\prims\jni.cpp, line 516]
Event: 314.762 Thread 0x000001dbe3b78830 Exception <a 'java/lang/NoClassDefFoundError'{0x000000008802c720}: org/flywaydb/core/Flyway> (0x000000008802c720) 
thrown [t:\workspace\open\src\hotspot\share\oops\constantPool.cpp, line 835]
Event: 314.762 Thread 0x000001dbe3b78830 Exception <a 'java/lang/NoClassDefFoundError'{0x000000008802cd70}: liquibase/integration/spring/SpringLiquibase> (0x000000008802cd70) 
thrown [t:\workspace\open\src\hotspot\share\oops\constantPool.cpp, line 835]
Event: 314.766 Thread 0x000001dbe3b78830 Exception <a 'java/lang/NoClassDefFoundError'{0x0000000088083d08}: org/jooq/DSLContext> (0x0000000088083d08) 
thrown [t:\workspace\open\src\hotspot\share\oops\constantPool.cpp, line 835]
Event: 314.767 Thread 0x000001dbe3b78830 Exception <a 'java/lang/NoClassDefFoundError'{0x000000008808b5b0}: org/springframework/batch/core/repository/JobRepository> (0x000000008808b5b0) 
thrown [t:\workspace\open\src\hotspot\share\oops\constantPool.cpp, line 835]
Event: 314.767 Thread 0x000001dbe3b78830 Exception <a 'java/lang/NoClassDefFoundError'{0x000000008808bbf8}: org/quartz/Scheduler> (0x000000008808bbf8) 
thrown [t:\workspace\open\src\hotspot\share\oops\constantPool.cpp, line 835]
Event: 314.767 Thread 0x000001dbe3b78830 Exception <a 'java/lang/NoClassDefFoundError'{0x000000008808c268}: org/springframework/session/jdbc/JdbcIndexedSessionRepository> (0x000000008808c268) 
thrown [t:\workspace\open\src\hotspot\share\oops\constantPool.cpp, line 835]
Event: 314.797 Thread 0x000001dbe3b78830 Exception <a 'sun/nio/fs/WindowsException'{0x00000000879170c0}> (0x00000000879170c0) 
thrown [t:\workspace\open\src\hotspot\share\prims\jni.cpp, line 516]
Event: 314.797 Thread 0x000001dbe3b78830 Exception <a 'sun/nio/fs/WindowsException'{0x00000000879177e8}> (0x00000000879177e8) 
thrown [t:\workspace\open\src\hotspot\share\prims\jni.cpp, line 516]
Event: 314.797 Thread 0x000001dbe3b78830 Exception <a 'sun/nio/fs/WindowsException'{0x0000000087917ee0}> (0x0000000087917ee0) 
thrown [t:\workspace\open\src\hotspot\share\prims\jni.cpp, line 516]
Event: 314.805 Thread 0x000001dbe3b78830 Exception <a 'java/io/FileNotFoundException'{0x0000000087962ba8}> (0x0000000087962ba8) 
thrown [t:\workspace\open\src\hotspot\share\prims\jni.cpp, line 516]
Event: 314.847 Thread 0x000001dbe3b78830 Exception <a 'sun/nio/fs/WindowsException'{0x00000000873b8070}> (0x00000000873b8070) 
thrown [t:\workspace\open\src\hotspot\share\prims\jni.cpp, line 516]
Event: 315.059 Thread 0x000001dbe3b78830 Exception <a 'sun/nio/fs/WindowsException'{0x000000008aac7308}> (0x000000008aac7308) 
thrown [t:\workspace\open\src\hotspot\share\prims\jni.cpp, line 516]
Event: 325.850 Thread 0x000001dbe3b75ce0 Exception <a 'java/lang/NoSuchMethodError'{0x0000000087d65540}: 'void java.lang.invoke.DirectMethodHandle$Holder.invokeSpecialIFC(java.lang.Object, java.lang.Object, int, java.lang.Object, java.lang.Object, java.lang.Object, java.lang.Object)'> (0x0000000087d65540) 
thrown [t:\workspace\open\src\hotspot\share\interpreter\linkResolver.cpp, line 766]
Event: 337.484 Thread 0x000001dbe3b76b50 Exception <a 'java/io/IOException'{0x000000008b0ef588}> (0x000000008b0ef588) 
thrown [t:\workspace\open\src\hotspot\share\prims\jni.cpp, line 516]
Event: 337.484 Thread 0x000001dbe3b76b50 Exception <a 'java/io/IOException'{0x000000008b0f00c8}> (0x000000008b0f00c8) 
thrown [t:\workspace\open\src\hotspot\share\prims\jni.cpp, line 516]
Event: 337.485 Thread 0x000001dbe3b76b50 Exception <a 'java/io/IOException'{0x000000008af017c0}> (0x000000008af017c0) 
thrown [t:\workspace\open\src\hotspot\share\prims\jni.cpp, line 516]
Event: 337.485 Thread 0x000001dbe3b76b50 Exception <a 'java/io/IOException'{0x000000008af06520}> (0x000000008af06520) 
thrown [t:\workspace\open\src\hotspot\share\prims\jni.cpp, line 516]
Event: 337.485 Thread 0x000001dbe3b76b50 Exception <a 'java/io/IOException'{0x000000008af07060}> (0x000000008af07060) 
thrown [t:\workspace\open\src\hotspot\share\prims\jni.cpp, line 516]
Event: 337.489 Thread 0x000001dbe3b796a0 Exception <a 'java/lang/InterruptedException'{0x000000008af278f0}: sleep interrupted> (0x000000008af278f0) 
thrown [t:\workspace\open\src\hotspot\share\prims\jvm.cpp, line 3067]

VM Operations (20 events):
Event: 319.530 Executing VM operation: Cleanup done
Event: 325.757 Executing VM operation: HandshakeAllThreads
Event: 325.758 Executing VM operation: HandshakeAllThreads done
Event: 325.758 Executing VM operation: Cleanup
Event: 325.758 Executing VM operation: Cleanup done
Event: 325.759 Executing VM operation: HandshakeAllThreads
Event: 325.759 Executing VM operation: HandshakeAllThreads done
Event: 325.804 Executing VM operation: HandshakeAllThreads
Event: 325.804 Executing VM operation: HandshakeAllThreads done
Event: 325.820 Executing VM operation: HandshakeAllThreads
Event: 325.820 Executing VM operation: HandshakeAllThreads done
Event: 325.829 Executing VM operation: HandshakeAllThreads
Event: 325.829 Executing VM operation: HandshakeAllThreads done
Event: 325.837 Executing VM operation: HandshakeAllThreads
Event: 325.837 Executing VM operation: HandshakeAllThreads done
Event: 326.839 Executing VM operation: Cleanup
Event: 326.839 Executing VM operation: Cleanup done
Event: 333.168 Executing VM operation: G1CollectForAllocation
Event: 333.178 Executing VM operation: G1CollectForAllocation done
Event: 337.489 Executing VM operation: G1CollectFull

Events (20 events):
Event: 337.340 Thread 0x000001dbe3b7a510 Thread added: 0x000001dbe3b7a510
Event: 337.340 Thread 0x000001dbe3b779c0 Thread exited: 0x000001dbe3b779c0
Event: 337.481 Thread 0x000001dbe3b7c1f0 Thread exited: 0x000001dbe3b7c1f0
Event: 337.482 Thread 0x000001dbe3b7b850 Thread exited: 0x000001dbe3b7b850
Event: 337.482 Thread 0x000001dbe3b7a9e0 Thread exited: 0x000001dbe3b7a9e0
Event: 337.482 Thread 0x000001dbe3b75ce0 Thread exited: 0x000001dbe3b75ce0
Event: 337.482 Thread 0x000001dbe3b78d00 Thread exited: 0x000001dbe3b78d00
Event: 337.482 Thread 0x000001dbe3b7d060 Thread exited: 0x000001dbe3b7d060
Event: 337.482 Thread 0x000001dbe3b7aeb0 Thread exited: 0x000001dbe3b7aeb0
Event: 337.482 Thread 0x000001dbe3b7b380 Thread exited: 0x000001dbe3b7b380
Event: 337.482 Thread 0x000001dbe3b774f0 Thread exited: 0x000001dbe3b774f0
Event: 337.482 Thread 0x000001dbe3b791d0 Thread exited: 0x000001dbe3b791d0
Event: 337.482 Thread 0x000001dbe3b761b0 Thread exited: 0x000001dbe3b761b0
Event: 337.482 Thread 0x000001dbe3b76680 Thread exited: 0x000001dbe3b76680
Event: 337.483 Thread 0x000001dbe3b76b50 Thread added: 0x000001dbe3b76b50
Event: 337.483 Thread 0x000001dbe3b77e90 Thread exited: 0x000001dbe3b77e90
Event: 337.486 Thread 0x000001dbe3b76b50 Thread exited: 0x000001dbe3b76b50
Event: 337.489 Thread 0x000001dbe3b796a0 Thread exited: 0x000001dbe3b796a0
Event: 337.489 Thread 0x000001dbe3b7a040 Thread exited: 0x000001dbe3b7a040
Event: 337.489 Thread 0x000001dbe3b78360 Thread exited: 0x000001dbe3b78360


Dynamic libraries:
0x00007ff7c4830000 - 0x00007ff7c4840000 	C:\Program Files\Java\jdk-17.0.2\bin\java.exe
0x00007fffdba70000 - 0x00007fffdbc87000 	C:\WINDOWS\SYSTEM32\ntdll.dll
0x00007fffda0d0000 - 0x00007fffda194000 	C:\WINDOWS\System32\KERNEL32.DLL
0x00007fffd90d0000 - 0x00007fffd947d000 	C:\WINDOWS\System32\KERNELBASE.dll
0x00007fffd9480000 - 0x00007fffd9591000 	C:\WINDOWS\System32\ucrtbase.dll
0x00007fffcdbf0000 - 0x00007fffcdc08000 	C:\Program Files\Java\jdk-17.0.2\bin\jli.dll
0x00007fffc0f20000 - 0x00007fffc0f3a000 	C:\Program Files\Java\jdk-17.0.2\bin\VCRUNTIME140.dll
0x00007fffda200000 - 0x00007fffda2b2000 	C:\WINDOWS\System32\ADVAPI32.dll
0x00007fffd9d30000 - 0x00007fffd9dd7000 	C:\WINDOWS\System32\msvcrt.dll
0x00007fffd98b0000 - 0x00007fffd9959000 	C:\WINDOWS\System32\sechost.dll
0x00007fffd9020000 - 0x00007fffd9048000 	C:\WINDOWS\System32\bcrypt.dll
0x00007fffda650000 - 0x00007fffda764000 	C:\WINDOWS\System32\RPCRT4.dll
0x00007fffda960000 - 0x00007fffdab0e000 	C:\WINDOWS\System32\USER32.dll
0x00007fffd9780000 - 0x00007fffd97a6000 	C:\WINDOWS\System32\win32u.dll
0x00007fffbd9a0000 - 0x00007fffbdc33000 	C:\WINDOWS\WinSxS\amd64_microsoft.windows.common-controls_6595b64144ccf1df_6.0.22621.3672_none_2713b9d173822955\COMCTL32.dll
0x00007fffd9e30000 - 0x00007fffd9e59000 	C:\WINDOWS\System32\GDI32.dll
0x00007fffd9660000 - 0x00007fffd9779000 	C:\WINDOWS\System32\gdi32full.dll
0x00007fffd8da0000 - 0x00007fffd8e3a000 	C:\WINDOWS\System32\msvcp_win.dll
0x00007fffcd8c0000 - 0x00007fffcd8ca000 	C:\WINDOWS\SYSTEM32\VERSION.dll
0x00007fffda770000 - 0x00007fffda7a1000 	C:\WINDOWS\System32\IMM32.DLL
0x00007fffcbb60000 - 0x00007fffcbb6c000 	C:\Program Files\Java\jdk-17.0.2\bin\vcruntime140_1.dll
0x00007fffb40b0000 - 0x00007fffb413d000 	C:\Program Files\Java\jdk-17.0.2\bin\msvcp140.dll
0x00007fff5dcf0000 - 0x00007fff5e8b1000 	C:\Program Files\Java\jdk-17.0.2\bin\server\jvm.dll
0x00007fffda0b0000 - 0x00007fffda0b8000 	C:\WINDOWS\System32\PSAPI.DLL
0x00007fffb7990000 - 0x00007fffb7999000 	C:\WINDOWS\SYSTEM32\WSOCK32.dll
0x00007fffd01f0000 - 0x00007fffd0224000 	C:\WINDOWS\SYSTEM32\WINMM.dll
0x00007fffd9960000 - 0x00007fffd99d1000 	C:\WINDOWS\System32\WS2_32.dll
0x00007fffd7e00000 - 0x00007fffd7e18000 	C:\WINDOWS\SYSTEM32\kernel.appcore.dll
0x00007fffcad80000 - 0x00007fffcad8a000 	C:\Program Files\Java\jdk-17.0.2\bin\jimage.dll
0x00007fffd6400000 - 0x00007fffd6632000 	C:\WINDOWS\SYSTEM32\DBGHELP.DLL
0x00007fffda2c0000 - 0x00007fffda648000 	C:\WINDOWS\System32\combase.dll
0x00007fffd97b0000 - 0x00007fffd9887000 	C:\WINDOWS\System32\OLEAUT32.dll
0x00007fffcce60000 - 0x00007fffcce92000 	C:\WINDOWS\SYSTEM32\dbgcore.DLL
0x00007fffd9050000 - 0x00007fffd90cb000 	C:\WINDOWS\System32\bcryptPrimitives.dll
0x00007fffc06b0000 - 0x00007fffc06d5000 	C:\Program Files\Java\jdk-17.0.2\bin\java.dll
0x00007fffb4290000 - 0x00007fffb4366000 	C:\Program Files\Java\jdk-17.0.2\bin\jsvml.dll
0x00007fffdb0d0000 - 0x00007fffdb92f000 	C:\WINDOWS\System32\SHELL32.dll
0x00007fffd6ca0000 - 0x00007fffd759c000 	C:\WINDOWS\SYSTEM32\windows.storage.dll
0x00007fffd6b60000 - 0x00007fffd6c9f000 	C:\WINDOWS\SYSTEM32\wintypes.dll
0x00007fffd9a70000 - 0x00007fffd9b64000 	C:\WINDOWS\System32\SHCORE.dll
0x00007fffda040000 - 0x00007fffda09e000 	C:\WINDOWS\System32\shlwapi.dll
0x00007fffd8cd0000 - 0x00007fffd8cf1000 	C:\WINDOWS\SYSTEM32\profapi.dll
0x00007fffc0df0000 - 0x00007fffc0e09000 	C:\Program Files\Java\jdk-17.0.2\bin\net.dll
0x00007fffd4400000 - 0x00007fffd4536000 	C:\WINDOWS\SYSTEM32\WINHTTP.dll
0x00007fffd82f0000 - 0x00007fffd8359000 	C:\WINDOWS\system32\mswsock.dll
0x00007fffbe320000 - 0x00007fffbe336000 	C:\Program Files\Java\jdk-17.0.2\bin\nio.dll
0x00007fffbdf50000 - 0x00007fffbdf68000 	C:\Program Files\Java\jdk-17.0.2\bin\zip.dll
0x00007fffc13f0000 - 0x00007fffc13f9000 	C:\Program Files\Java\jdk-17.0.2\bin\management.dll
0x00007fffc13e0000 - 0x00007fffc13eb000 	C:\Program Files\Java\jdk-17.0.2\bin\management_ext.dll
0x00007fffd5bc0000 - 0x00007fffd5bce000 	C:\Program Files\Java\jdk-17.0.2\bin\sunmscapi.dll
0x00007fffd8e40000 - 0x00007fffd8fa7000 	C:\WINDOWS\System32\CRYPT32.dll
0x00007fffd8750000 - 0x00007fffd877e000 	C:\WINDOWS\SYSTEM32\ncrypt.dll
0x00007fffd8710000 - 0x00007fffd8747000 	C:\WINDOWS\SYSTEM32\NTASN1.dll
0x00007fffd8520000 - 0x00007fffd853b000 	C:\WINDOWS\SYSTEM32\CRYPTSP.dll
0x00007fffd7d60000 - 0x00007fffd7d95000 	C:\WINDOWS\system32\rsaenh.dll
0x00007fffd83b0000 - 0x00007fffd83d8000 	C:\WINDOWS\SYSTEM32\USERENV.dll
0x00007fffd8540000 - 0x00007fffd854c000 	C:\WINDOWS\SYSTEM32\CRYPTBASE.dll
0x00007fffd7800000 - 0x00007fffd782d000 	C:\WINDOWS\SYSTEM32\IPHLPAPI.DLL
0x00007fffda0a0000 - 0x00007fffda0a9000 	C:\WINDOWS\System32\NSI.dll
0x00007fffd1210000 - 0x00007fffd1229000 	C:\WINDOWS\SYSTEM32\dhcpcsvc6.DLL
0x00007fffd0d70000 - 0x00007fffd0d8f000 	C:\WINDOWS\SYSTEM32\dhcpcsvc.DLL
0x00007fffd7830000 - 0x00007fffd7928000 	C:\WINDOWS\SYSTEM32\DNSAPI.dll
0x00007fffcad60000 - 0x00007fffcad70000 	C:\Program Files\Java\jdk-17.0.2\bin\verify.dll
0x00007fffcc640000 - 0x00007fffcc64a000 	C:\Windows\System32\rasadhlp.dll
0x00007fffcff80000 - 0x00007fffd0003000 	C:\WINDOWS\System32\fwpuclnt.dll
0x00007fffbe340000 - 0x00007fffbe348000 	C:\WINDOWS\system32\wshunix.dll

dbghelp: loaded successfully - version: 4.0.5 - missing functions: none
symbol engine: initialized successfully - sym options: 0x614 - pdb path: .;C:\Program Files\Java\jdk-17.0.2\bin;C:\WINDOWS\SYSTEM32;C:\WINDOWS\WinSxS\amd64_microsoft.windows.common-controls_6595b64144ccf1df_6.0.22621.3672_none_2713b9d173822955;C:\Program Files\Java\jdk-17.0.2\bin\server

VM Arguments:
jvm_args: -XX:+ShowCodeDetailsInExceptionMessages 
java_command: com.scm.Application
java_class_path (initial): C:\Users\Ankit kr Mahto\OneDrive\Desktop\SCM2.0\scm2.0\target\classes;C:\Users\Ankit kr Mahto\.m2\repository\org\springframework\boot\spring-boot-starter-data-jpa\3.3.1\spring-boot-starter-data-jpa-3.3.1.jar;C:\Users\Ankit kr Mahto\.m2\repository\org\springframework\boot\spring-boot-starter-aop\3.3.1\spring-boot-starter-aop-3.3.1.jar;C:\Users\Ankit kr Mahto\.m2\repository\org\aspectj\aspectjweaver\1.9.22\aspectjweaver-1.9.22.jar;C:\Users\Ankit kr Mahto\.m2\repository\org\springframework\boot\spring-boot-starter-jdbc\3.3.1\spring-boot-starter-jdbc-3.3.1.jar;C:\Users\Ankit kr Mahto\.m2\repository\com\zaxxer\HikariCP\5.1.0\HikariCP-5.1.0.jar;C:\Users\Ankit kr Mahto\.m2\repository\org\springframework\spring-jdbc\6.1.10\spring-jdbc-6.1.10.jar;C:\Users\Ankit kr Mahto\.m2\repository\org\hibernate\orm\hibernate-core\6.5.2.Final\hibernate-core-6.5.2.Final.jar;C:\Users\Ankit kr Mahto\.m2\repository\jakarta\persistence\jakarta.persistence-api\3.1.0\jakarta.persistence-api-3.1.0.jar;C:\Users\Ankit kr Mahto\.m2\repository\jakarta\transaction\jakarta.transaction-api\2.0.1\jakarta.transaction-api-2.0.1.jar;C:\Users\Ankit kr Mahto\.m2\repository\org\jboss\logging\jboss-logging\3.5.3.Final\jboss-logging-3.5.3.Final.jar;C:\Users\Ankit kr Mahto\.m2\repository\org\hibernate\common\hibernate-commons-annotations\6.0.6.Final\hibernate-commons-annotations-6.0.6.Final.jar;C:\Users\Ankit kr Mahto\.m2\repository\io\smallrye\jandex\3.1.2\jandex-3.1.2.jar;C:\Users\Ankit kr Mahto\.m2\repository\com\fasterxml\classmate\1.7.0\classmate-1.7.0.jar;C:\Users\Ankit kr Mahto\.m2\repository\net\bytebuddy\byte-buddy\1.14.17\byte-buddy-1.14.17.jar;C:\Users\Ankit kr Mahto\.m2\repository\org\glassfish\jaxb\jaxb-runtime\4.0.5\jaxb-runtime-4.0.5.jar;C:\Users\Ankit kr Mahto\.m2\repository\org\glassfish\jaxb\jaxb-core\4.0.5\jaxb-core-4.0.5.jar;C:\Users\Ankit kr Mahto\.m2\repository\org\eclipse\angus\angus-activation\2.0.2\angus-activation-2.0.2.jar;C:\Users\Ankit kr Mahto\.m2\reposit
Launcher Type: SUN_STANDARD

[Global flags]
     intx CICompilerCount                          = 4                                         {product} {ergonomic}
     uint ConcGCThreads                            = 2                                         {product} {ergonomic}
     uint G1ConcRefinementThreads                  = 8                                         {product} {ergonomic}
   size_t G1HeapRegionSize                         = 1048576                                   {product} {ergonomic}
    uintx GCDrainStackTargetSize                   = 64                                        {product} {ergonomic}
   size_t InitialHeapSize                          = 132120576                                 {product} {ergonomic}
   size_t MarkStackSize                            = 4194304                                   {product} {ergonomic}
   size_t MaxHeapSize                              = 2105540608                                {product} {ergonomic}
   size_t MaxNewSize                               = 1262485504                                {product} {ergonomic}
   size_t MinHeapDeltaBytes                        = 1048576                                   {product} {ergonomic}
   size_t MinHeapSize                              = 8388608                                   {product} {ergonomic}
    uintx NonNMethodCodeHeapSize                   = 5839372                                {pd product} {ergonomic}
    uintx NonProfiledCodeHeapSize                  = 122909434                              {pd product} {ergonomic}
    uintx ProfiledCodeHeapSize                     = 122909434                              {pd product} {ergonomic}
    uintx ReservedCodeCacheSize                    = 251658240                              {pd product} {ergonomic}
     bool SegmentedCodeCache                       = true                                      {product} {ergonomic}
     bool ShowCodeDetailsInExceptionMessages       = true                                   {manageable} {command line}
   size_t SoftMaxHeapSize                          = 2105540608                             {manageable} {ergonomic}
     bool UseCompressedClassPointers               = true                           {product lp64_product} {ergonomic}
     bool UseCompressedOops                        = true                           {product lp64_product} {ergonomic}
     bool UseG1GC                                  = true                                      {product} {ergonomic}
     bool UseLargePagesIndividualAllocation        = false                                  {pd product} {ergonomic}

Logging:
Log output configuration:
 #0: stdout all=warning uptime,level,tags
 #1: stderr all=off uptime,level,tags

Environment Variables:
PATH=C:\Program Files\Common Files\Oracle\Java\javapath;C:\Windows\system32;C:\Windows;C:\Windows\System32\Wbem;C:\Windows\System32\WindowsPowerShell\v1.0\;C:\Windows\System32\OpenSSH\;C:\Program Files (x86)\NVIDIA Corporation\PhysX\Common;C:\MinGW\bin;C:\WINDOWS\system32;C:\WINDOWS;C:\WINDOWS\System32\Wbem;C:\WINDOWS\System32\WindowsPowerShell\v1.0\;C:\WINDOWS\System32\OpenSSH\;C:\Program Files\nodejs\;C:\Program Files\Java\jdk-17.0.2\bin;C:\Program Files\Git\cmd;C:\Program Files\Docker\Docker\resources\bin;C:\Program Files\MySQL\MySQL Shell 8.0\bin\;C:\Users\Ankit kr Mahto\AppData\Local\Microsoft\WindowsApps;;C:\Users\Ankit kr Mahto\AppData\Local\Programs\Microsoft VS Code\bin;C:\Users\Ankit kr Mahto\AppData\Roaming\npm;C:\Program Files\JetBrains\IntelliJ IDEA Community Edition 2022.1\bin;
USERNAME=Ankit kr Mahto
LANG=en_US.UTF-8
OS=Windows_NT
PROCESSOR_IDENTIFIER=Intel64 Family 6 Model 142 Stepping 12, GenuineIntel



---------------  S Y S T E M  ---------------

OS:
 Windows 11 , 64 bit Build 22621 (10.0.22621.3672)
OS uptime: 9 days 4:15 hours
Hyper-V role detected

CPU: total 8 (initial active 8) (4 cores per cpu, 2 threads per core) family 6 model 142 stepping 12 microcode 0xde, cx8, cmov, fxsr, ht, mmx, 3dnowpref, sse, sse2, sse3, ssse3, sse4.1, sse4.2, popcnt, lzcnt, tsc, tscinvbit, avx, avx2, aes, erms, clmul, bmi1, bmi2, adx, fma, vzeroupper, clflush, clflushopt, hv

Memory: 4k page, system-wide physical 8028M (411M free)
TotalPageFile size 32604M (AvailPageFile size 4M)
current process WorkingSet (physical memory assigned to process): 373M, peak: 376M
current process commit charge ("private bytes"): 435M, peak: 439M

vm_info: Java HotSpot(TM) 64-Bit Server VM (17.0.2+8-LTS-86) for windows-amd64 JRE (17.0.2+8-LTS-86), built on Dec  7 2021 21:51:03 by "mach5one" with MS VC++ 16.8 / 16.9 (VS2019)

END.
